Log file open, 11/29/19 09:02:46
LogWindows: Failed to load 'aqProf.dll' (GetLastError=126)
LogWindows: File 'aqProf.dll' does not exist
LogWindows: Failed to load 'VtuneApi.dll' (GetLastError=126)
LogWindows: File 'VtuneApi.dll' does not exist
LogWindows: Failed to load 'VtuneApi32e.dll' (GetLastError=126)
LogWindows: File 'VtuneApi32e.dll' does not exist
LogConsoleResponse: Display: Failed to find resolution value strings in scalability ini. Falling back to default.
LogInit: Display: Running engine for game: CursedLabyrinth
LogPlatformFile: Not using cached read wrapper
LogTaskGraph: Started task graph with 5 named threads and 23 total threads with 3 sets of task threads.
LogStats: Stats thread started at 0.075102
LogD3D11RHI: Loaded GFSDK_Aftermath_Lib.x64.dll
LogICUInternationalization: ICU TimeZone Detection - Raw Offset: -5:00, Platform Override: ''
LogPluginManager: Mounting plugin Paper2D
LogPluginManager: Mounting plugin AISupport
LogPluginManager: Mounting plugin LightPropagationVolume
LogPluginManager: Mounting plugin ActorLayerUtilities
LogPluginManager: Mounting plugin AnimationSharing
LogPluginManager: Mounting plugin CLionSourceCodeAccess
LogPluginManager: Mounting plugin CodeLiteSourceCodeAccess
LogPluginManager: Mounting plugin GitSourceControl
LogPluginManager: Mounting plugin KDevelopSourceCodeAccess
LogPluginManager: Mounting plugin NullSourceCodeAccess
LogPluginManager: Mounting plugin PerforceSourceControl
LogPluginManager: Mounting plugin SubversionSourceControl
LogPluginManager: Mounting plugin UObjectPlugin
LogPluginManager: Mounting plugin VisualStudioCodeSourceCodeAccess
LogPluginManager: Mounting plugin VisualStudioSourceCodeAccess
LogPluginManager: Mounting plugin XCodeSourceCodeAccess
LogPluginManager: Mounting plugin AssetManagerEditor
LogPluginManager: Mounting plugin CryptoKeys
LogPluginManager: Mounting plugin CurveEditorTools
LogPluginManager: Mounting plugin DataValidation
LogPluginManager: Mounting plugin FacialAnimation
LogPluginManager: Mounting plugin GameplayTagsEditor
LogPluginManager: Mounting plugin MacGraphicsSwitching
LogPluginManager: Mounting plugin MaterialAnalyzer
LogPluginManager: Mounting plugin MobileLauncherProfileWizard
LogPluginManager: Mounting plugin PluginBrowser
LogPluginManager: Mounting plugin SpeedTreeImporter
LogPluginManager: Mounting plugin DatasmithContent
LogPluginManager: Mounting plugin VariantManagerContent
LogPluginManager: Mounting plugin AlembicImporter
LogPluginManager: Mounting plugin AutomationUtils
LogPluginManager: Mounting plugin BackChannel
LogPluginManager: Mounting plugin CharacterAI
LogPluginManager: Mounting plugin GeometryCache
LogPluginManager: Mounting plugin HTML5Networking
LogPluginManager: Mounting plugin PlatformCrypto
LogPluginManager: Mounting plugin ProxyLODPlugin
LogPluginManager: Mounting plugin SkeletalReduction
LogPluginManager: Mounting plugin MagicLeap
LogPluginManager: Mounting plugin MagicLeapMedia
LogPluginManager: Mounting plugin AndroidMedia
LogPluginManager: Mounting plugin AvfMedia
LogPluginManager: Mounting plugin ImgMedia
LogPluginManager: Mounting plugin MediaCompositing
LogPluginManager: Mounting plugin MediaPlayerEditor
LogPluginManager: Mounting plugin WebMMedia
LogPluginManager: Mounting plugin WmfMedia
LogPluginManager: Mounting plugin TcpMessaging
LogPluginManager: Mounting plugin UdpMessaging
LogPluginManager: Mounting plugin ActorSequence
LogPluginManager: Mounting plugin LevelSequenceEditor
LogPluginManager: Mounting plugin MatineeToLevelSequence
LogPluginManager: Mounting plugin NetcodeUnitTest
LogPluginManager: Mounting plugin NUTUnrealEngine4
LogPluginManager: Mounting plugin OnlineSubsystemGooglePlay
LogPluginManager: Mounting plugin OnlineSubsystemIOS
LogPluginManager: Mounting plugin OnlineSubsystem
LogPluginManager: Mounting plugin OnlineSubsystemNull
LogPluginManager: Mounting plugin OnlineSubsystemUtils
LogPluginManager: Mounting plugin LauncherChunkInstaller
LogPluginManager: Mounting plugin AndroidDeviceProfileSelector
LogPluginManager: Mounting plugin AndroidMoviePlayer
LogPluginManager: Mounting plugin AndroidPermission
LogPluginManager: Mounting plugin AppleImageUtils
LogPluginManager: Mounting plugin AppleMoviePlayer
LogPluginManager: Mounting plugin ArchVisCharacter
LogPluginManager: Mounting plugin AudioCapture
LogPluginManager: Mounting plugin CableComponent
LogPluginManager: Mounting plugin CustomMeshComponent
LogPluginManager: Mounting plugin EditableMesh
LogPluginManager: Mounting plugin ExampleDeviceProfileSelector
LogPluginManager: Mounting plugin GoogleCloudMessaging
LogPluginManager: Mounting plugin IOSDeviceProfileSelector
LogPluginManager: Mounting plugin LinuxDeviceProfileSelector
LogPluginManager: Mounting plugin LocationServicesBPLibrary
LogPluginManager: Mounting plugin MobilePatchingUtils
LogPluginManager: Mounting plugin OculusVR
LogPluginManager: Mounting plugin PhysXVehicles
LogPluginManager: Mounting plugin ProceduralMeshComponent
LogPluginManager: Mounting plugin RuntimePhysXCooking
LogPluginManager: Mounting plugin SignificanceManager
LogPluginManager: Mounting plugin SteamVR
LogPluginManager: Mounting plugin WebMMoviePlayer
LogPluginManager: Mounting plugin WindowsMoviePlayer
LogPluginManager: Mounting plugin ScreenshotTools
LogInit: Warning: Incompatible or missing module: CursedLabyrinth
Running D:/epic/UE_4.23/Engine/Binaries/DotNET/UnrealBuildTool.exe Development Win64 -Project="D:/UEproject/projet-objets-partagee-2019-Thorekt/CursedLabyrinth.uproject" -TargetType=Editor -Progress -NoHotReloadFromIDE
Using 'git status' to determine working set for adaptive non-unity build (D:\UEproject\projet-objets-partagee-2019-Thorekt).
@progress push 5%
Parsing headers for CursedLabyrinthEditor
  Running UnrealHeaderTool "D:\UEproject\projet-objets-partagee-2019-Thorekt\CursedLabyrinth.uproject" "D:\UEproject\projet-objets-partagee-2019-Thorekt\Intermediate\Build\Win64\CursedLabyrinthEditor\Development\CursedLabyrinthEditor.uhtmanifest" -LogCmds="loginit warning, logexit warning, logdatabase error" -Unattended -WarningsAsErrors -installed
Reflection code generated for CursedLabyrinthEditor in 7,2805232 seconds
@progress pop
Using Visual Studio 2019 14.23.28105 toolchain (C:\Program Files (x86)\Microsoft Visual Studio\2019\Community\VC\Tools\MSVC\14.23.28105) and Windows 10.0.18362.0 SDK (C:\Program Files (x86)\Windows Kits\10).
Building 4 actions with 8 processes...
  @progress 'Compiling C++ source code...' 0%
  @progress 'Compiling C++ source code...' 25%
  [1/4] Labyrinthe.cpp
  @progress 'Compiling C++ source code...' 50%
  [2/4] UE4Editor-CursedLabyrinth.lib
     Cr?ation de la biblioth?que D:\UEproject\projet-objets-partagee-2019-Thorekt\Intermediate\Build\Win64\UE4Editor\Development\CursedLabyrinth\UE4Editor-CursedLabyrinth.lib et de l'objet D:\UEproject\projet-objets-partagee-2019-Thorekt\Intermediate\Build\Win64\UE4Editor\Development\CursedLabyrinth\UE4Editor-CursedLabyrinth.exp
  @progress 'Compiling C++ source code...' 75%
  [3/4] UE4Editor-CursedLabyrinth.dll
     Cr?ation de la biblioth?que D:\UEproject\projet-objets-partagee-2019-Thorekt\Intermediate\Build\Win64\UE4Editor\Development\CursedLabyrinth\UE4Editor-CursedLabyrinth.suppressed.lib et de l'objet D:\UEproject\projet-objets-partagee-2019-Thorekt\Intermediate\Build\Win64\UE4Editor\Development\CursedLabyrinth\UE4Editor-CursedLabyrinth.suppressed.exp
  @progress 'Compiling C++ source code...' 100%
  [4/4] CursedLabyrinthEditor.target
Total time in Parallel executor: 1,93 seconds
Total execution time: 10,23 seconds
LogInit: Using libcurl 7.55.1-DEV
LogInit:  - built for x86_64-pc-win32
LogInit:  - supports SSL with OpenSSL/1.1.1
LogInit:  - supports HTTP deflate (compression) using libz 1.2.8
LogInit:  - other features:
LogInit:      CURL_VERSION_SSL
LogInit:      CURL_VERSION_LIBZ
LogInit:      CURL_VERSION_IPV6
LogInit:      CURL_VERSION_ASYNCHDNS
LogInit:      CURL_VERSION_LARGEFILE
LogInit:      CURL_VERSION_IDN
LogInit:  CurlRequestOptions (configurable via config and command line):
LogInit:  - bVerifyPeer = true  - Libcurl will verify peer certificate
LogInit:  - bUseHttpProxy = false  - Libcurl will NOT use HTTP proxy
LogInit:  - bDontReuseConnections = false  - Libcurl will reuse connections
LogInit:  - MaxHostConnections = 16  - Libcurl will limit the number of connections to a host
LogInit:  - LocalHostAddr = Default
LogInit:  - BufferSize = 65536
LogOnline: OSS: Creating online subsystem instance for: NULL
LogInit: WinSock: version 1.1 (2.2), MaxSocks=32767, MaxUdp=65467
LogInit: Build: ++UE4+Release-4.23-CL-9631420
LogInit: Engine Version: 4.23.1-9631420+++UE4+Release-4.23
LogInit: Compatible Engine Version: 4.23.0-8386587+++UE4+Release-4.23
LogInit: Net CL: 8386587
LogInit: OS: Windows 10 (Release 1903) (), CPU: Intel(R) Core(TM) i7-7700HQ CPU @ 2.80GHz, GPU: Intel(R) HD Graphics 630
LogInit: Compiled (64-bit): Oct 18 2019 02:07:44
LogInit: Compiled with Visual C++: 19.16.27030.01
LogInit: Build Configuration: Development
LogInit: Branch Name: ++UE4+Release-4.23
LogInit: Command Line: 
LogInit: Base Directory: D:/epic/UE_4.23/Engine/Binaries/Win64/
LogInit: Installed Engine Build: 1
LogDevObjectVersion: Number of dev versions registered: 23
LogDevObjectVersion:   Dev-Blueprints (B0D832E4-1F89-4F0D-ACCF-7EB736FD4AA2): 10
LogDevObjectVersion:   Dev-Build (E1C64328-A22C-4D53-A36C-8E866417BD8C): 0
LogDevObjectVersion:   Dev-Core (375EC13C-06E4-48FB-B500-84F0262A717E): 3
LogDevObjectVersion:   Dev-Editor (E4B068ED-F494-42E9-A231-DA0B2E46BB41): 34
LogDevObjectVersion:   Dev-Framework (CFFC743F-43B0-4480-9391-14DF171D2073): 35
LogDevObjectVersion:   Dev-Mobile (B02B49B5-BB20-44E9-A304-32B752E40360): 2
LogDevObjectVersion:   Dev-Networking (A4E4105C-59A1-49B5-A7C5-40C4547EDFEE): 0
LogDevObjectVersion:   Dev-Online (39C831C9-5AE6-47DC-9A44-9C173E1C8E7C): 0
LogDevObjectVersion:   Dev-Physics (78F01B33-EBEA-4F98-B9B4-84EACCB95AA2): 0
LogDevObjectVersion:   Dev-Platform (6631380F-2D4D-43E0-8009-CF276956A95A): 0
LogDevObjectVersion:   Dev-Rendering (12F88B9F-8875-4AFC-A67C-D90C383ABD29): 31
LogDevObjectVersion:   Dev-Sequencer (7B5AE74C-D270-4C10-A958-57980B212A5A): 11
LogDevObjectVersion:   Dev-VR (D7296918-1DD6-4BDD-9DE2-64A83CC13884): 2
LogDevObjectVersion:   Dev-LoadTimes (C2A15278-BFE7-4AFE-6C17-90FF531DF755): 1
LogDevObjectVersion:   Private-Geometry (6EACA3D4-40EC-4CC1-B786-8BED09428FC5): 3
LogDevObjectVersion:   Dev-AnimPhys (29E575DD-E0A3-4627-9D10-D276232CDCEA): 17
LogDevObjectVersion:   Dev-Anim (AF43A65D-7FD3-4947-9873-3E8ED9C1BB05): 2
LogDevObjectVersion:   Dev-ReflectionCapture (6B266CEC-1EC7-4B8F-A30B-E4D90942FC07): 1
LogDevObjectVersion:   Dev-Automation (0DF73D61-A23F-47EA-B727-89E90C41499A): 1
LogDevObjectVersion:   FortniteMain (601D1886-AC64-4F84-AA16-D3DE0DEAC7D6): 27
LogDevObjectVersion:   Dev-Enterprise (9DFFBCD6-494F-0158-E221-12823C92A888): 6
LogDevObjectVersion:   Dev-Niagara (F2AED0AC-9AFE-416F-8664-AA7FFA26D6FC): 1
LogDevObjectVersion:   Dev-Destruction (174F1F0B-B4C6-45A5-B13F-2EE8D0FB917D): 9
LogInit: Presizing for max 16777216 objects, including 0 objects not considered by GC, pre-allocating 0 bytes for permanent pool.
LogInit: Object subsystem initialized
LogConfig: Setting CVar [[con.DebugEarlyDefault:1]]
LogConfig: Setting CVar [[r.setres:1280x720]]
[2019.11.29-14.03.08:081][  0]LogConfig: Setting CVar [[r.VSync:0]]
[2019.11.29-14.03.08:081][  0]LogConfig: Setting CVar [[r.RHICmdBypass:0]]
[2019.11.29-14.03.08:081][  0]LogConfig: Applying CVar settings from Section [/Script/Engine.RendererSettings] File [D:/UEproject/projet-objets-partagee-2019-Thorekt/Saved/Config/Windows/Engine.ini]
[2019.11.29-14.03.08:081][  0]LogConfig: Setting CVar [[r.GPUCrashDebugging:0]]
[2019.11.29-14.03.08:081][  0]LogConfig: Applying CVar settings from Section [/Script/Engine.RendererOverrideSettings] File [D:/UEproject/projet-objets-partagee-2019-Thorekt/Saved/Config/Windows/Engine.ini]
[2019.11.29-14.03.08:081][  0]LogConfig: Applying CVar settings from Section [/Script/Engine.StreamingSettings] File [D:/UEproject/projet-objets-partagee-2019-Thorekt/Saved/Config/Windows/Engine.ini]
[2019.11.29-14.03.08:081][  0]LogConfig: Setting CVar [[s.MinBulkDataSizeForAsyncLoading:131072]]
[2019.11.29-14.03.08:081][  0]LogConfig: Setting CVar [[s.AsyncLoadingThreadEnabled:0]]
[2019.11.29-14.03.08:081][  0]LogConfig: Setting CVar [[s.EventDrivenLoaderEnabled:1]]
[2019.11.29-14.03.08:081][  0]LogConfig: Setting CVar [[s.WarnIfTimeLimitExceeded:0]]
[2019.11.29-14.03.08:081][  0]LogConfig: Setting CVar [[s.TimeLimitExceededMultiplier:1.5]]
[2019.11.29-14.03.08:081][  0]LogConfig: Setting CVar [[s.TimeLimitExceededMinTime:0.005]]
[2019.11.29-14.03.08:081][  0]LogConfig: Setting CVar [[s.UseBackgroundLevelStreaming:1]]
[2019.11.29-14.03.08:081][  0]LogConfig: Setting CVar [[s.PriorityAsyncLoadingExtraTime:15.0]]
[2019.11.29-14.03.08:081][  0]LogConfig: Setting CVar [[s.LevelStreamingActorsUpdateTimeLimit:5.0]]
[2019.11.29-14.03.08:081][  0]LogConfig: Setting CVar [[s.PriorityLevelStreamingActorsUpdateExtraTime:5.0]]
[2019.11.29-14.03.08:081][  0]LogConfig: Setting CVar [[s.LevelStreamingComponentsRegistrationGranularity:10]]
[2019.11.29-14.03.08:081][  0]LogConfig: Setting CVar [[s.UnregisterComponentsTimeLimit:1.0]]
[2019.11.29-14.03.08:081][  0]LogConfig: Setting CVar [[s.LevelStreamingComponentsUnregistrationGranularity:5]]
[2019.11.29-14.03.08:081][  0]LogConfig: Applying CVar settings from Section [/Script/Engine.GarbageCollectionSettings] File [D:/UEproject/projet-objets-partagee-2019-Thorekt/Saved/Config/Windows/Engine.ini]
[2019.11.29-14.03.08:081][  0]LogConfig: Setting CVar [[gc.MaxObjectsNotConsideredByGC:1]]
[2019.11.29-14.03.08:081][  0]LogConfig: Setting CVar [[gc.SizeOfPermanentObjectPool:0]]
[2019.11.29-14.03.08:081][  0]LogConfig: Setting CVar [[gc.FlushStreamingOnGC:0]]
[2019.11.29-14.03.08:081][  0]LogConfig: Setting CVar [[gc.NumRetriesBeforeForcingGC:10]]
[2019.11.29-14.03.08:081][  0]LogConfig: Setting CVar [[gc.AllowParallelGC:1]]
[2019.11.29-14.03.08:081][  0]LogConfig: Setting CVar [[gc.TimeBetweenPurgingPendingKillObjects:61.1]]
[2019.11.29-14.03.08:081][  0]LogConfig: Setting CVar [[gc.MaxObjectsInEditor:16777216]]
[2019.11.29-14.03.08:081][  0]LogConfig: Setting CVar [[gc.IncrementalBeginDestroyEnabled:1]]
[2019.11.29-14.03.08:081][  0]LogConfig: Setting CVar [[gc.CreateGCClusters:1]]
[2019.11.29-14.03.08:081][  0]LogConfig: Setting CVar [[gc.MinGCClusterSize:5]]
[2019.11.29-14.03.08:081][  0]LogConfig: Setting CVar [[gc.ActorClusteringEnabled:0]]
[2019.11.29-14.03.08:081][  0]LogConfig: Setting CVar [[gc.BlueprintClusteringEnabled:0]]
[2019.11.29-14.03.08:081][  0]LogConfig: Setting CVar [[gc.UseDisregardForGCOnDedicatedServers:0]]
[2019.11.29-14.03.08:081][  0]LogConfig: Applying CVar settings from Section [/Script/Engine.NetworkSettings] File [D:/UEproject/projet-objets-partagee-2019-Thorekt/Saved/Config/Windows/Engine.ini]
[2019.11.29-14.03.08:081][  0]LogConfig: Applying CVar settings from Section [/Script/UnrealEd.CookerSettings] File [D:/UEproject/projet-objets-partagee-2019-Thorekt/Saved/Config/Windows/Engine.ini]
[2019.11.29-14.03.08:087][  0]LogConfig: Applying CVar settings from Section [ViewDistanceQuality@3] File [D:/UEproject/projet-objets-partagee-2019-Thorekt/Saved/Config/Windows/Scalability.ini]
[2019.11.29-14.03.08:087][  0]LogConfig: Setting CVar [[r.SkeletalMeshLODBias:0]]
[2019.11.29-14.03.08:087][  0]LogConfig: Setting CVar [[r.ViewDistanceScale:1.0]]
[2019.11.29-14.03.08:087][  0]LogConfig: Applying CVar settings from Section [AntiAliasingQuality@3] File [D:/UEproject/projet-objets-partagee-2019-Thorekt/Saved/Config/Windows/Scalability.ini]
[2019.11.29-14.03.08:087][  0]LogConfig: Setting CVar [[r.PostProcessAAQuality:4]]
[2019.11.29-14.03.08:087][  0]LogConfig: Applying CVar settings from Section [ShadowQuality@3] File [D:/UEproject/projet-objets-partagee-2019-Thorekt/Saved/Config/Windows/Scalability.ini]
[2019.11.29-14.03.08:087][  0]LogConfig: Setting CVar [[r.LightFunctionQuality:1]]
[2019.11.29-14.03.08:087][  0]LogConfig: Setting CVar [[r.ShadowQuality:5]]
[2019.11.29-14.03.08:087][  0]LogConfig: Setting CVar [[r.Shadow.CSM.MaxCascades:10]]
[2019.11.29-14.03.08:087][  0]LogConfig: Setting CVar [[r.Shadow.MaxResolution:2048]]
[2019.11.29-14.03.08:087][  0]LogConfig: Setting CVar [[r.Shadow.MaxCSMResolution:2048]]
[2019.11.29-14.03.08:087][  0]LogConfig: Setting CVar [[r.Shadow.RadiusThreshold:0.01]]
[2019.11.29-14.03.08:087][  0]LogConfig: Setting CVar [[r.Shadow.DistanceScale:1.0]]
[2019.11.29-14.03.08:087][  0]LogConfig: Setting CVar [[r.Shadow.CSM.TransitionScale:1.0]]
[2019.11.29-14.03.08:087][  0]LogConfig: Setting CVar [[r.Shadow.PreShadowResolutionFactor:1.0]]
[2019.11.29-14.03.08:087][  0]LogConfig: Setting CVar [[r.DistanceFieldShadowing:1]]
[2019.11.29-14.03.08:087][  0]LogConfig: Setting CVar [[r.DistanceFieldAO:1]]
[2019.11.29-14.03.08:087][  0]LogConfig: Setting CVar [[r.AOQuality:2]]
[2019.11.29-14.03.08:087][  0]LogConfig: Setting CVar [[r.VolumetricFog:1]]
[2019.11.29-14.03.08:087][  0]LogConfig: Setting CVar [[r.VolumetricFog.GridPixelSize:8]]
[2019.11.29-14.03.08:087][  0]LogConfig: Setting CVar [[r.VolumetricFog.GridSizeZ:128]]
[2019.11.29-14.03.08:087][  0]LogConfig: Setting CVar [[r.VolumetricFog.HistoryMissSupersampleCount:4]]
[2019.11.29-14.03.08:087][  0]LogConfig: Setting CVar [[r.LightMaxDrawDistanceScale:1]]
[2019.11.29-14.03.08:087][  0]LogConfig: Setting CVar [[r.CapsuleShadows:1]]
[2019.11.29-14.03.08:087][  0]LogConfig: Applying CVar settings from Section [PostProcessQuality@3] File [D:/UEproject/projet-objets-partagee-2019-Thorekt/Saved/Config/Windows/Scalability.ini]
[2019.11.29-14.03.08:087][  0]LogConfig: Setting CVar [[r.MotionBlurQuality:4]]
[2019.11.29-14.03.08:087][  0]LogConfig: Setting CVar [[r.AmbientOcclusionMipLevelFactor:0.4]]
[2019.11.29-14.03.08:087][  0]LogConfig: Setting CVar [[r.AmbientOcclusionMaxQuality:100]]
[2019.11.29-14.03.08:087][  0]LogConfig: Setting CVar [[r.AmbientOcclusionLevels:-1]]
[2019.11.29-14.03.08:087][  0]LogConfig: Setting CVar [[r.AmbientOcclusionRadiusScale:1.0]]
[2019.11.29-14.03.08:087][  0]LogConfig: Setting CVar [[r.DepthOfFieldQuality:2]]
[2019.11.29-14.03.08:087][  0]LogConfig: Setting CVar [[r.RenderTargetPoolMin:400]]
[2019.11.29-14.03.08:087][  0]LogConfig: Setting CVar [[r.LensFlareQuality:2]]
[2019.11.29-14.03.08:087][  0]LogConfig: Setting CVar [[r.SceneColorFringeQuality:1]]
[2019.11.29-14.03.08:087][  0]LogConfig: Setting CVar [[r.EyeAdaptationQuality:2]]
[2019.11.29-14.03.08:087][  0]LogConfig: Setting CVar [[r.BloomQuality:5]]
[2019.11.29-14.03.08:087][  0]LogConfig: Setting CVar [[r.FastBlurThreshold:100]]
[2019.11.29-14.03.08:087][  0]LogConfig: Setting CVar [[r.Upscale.Quality:3]]
[2019.11.29-14.03.08:087][  0]LogConfig: Setting CVar [[r.Tonemapper.GrainQuantization:1]]
[2019.11.29-14.03.08:087][  0]LogConfig: Setting CVar [[r.LightShaftQuality:1]]
[2019.11.29-14.03.08:087][  0]LogConfig: Setting CVar [[r.Filter.SizeScale:1]]
[2019.11.29-14.03.08:087][  0]LogConfig: Setting CVar [[r.Tonemapper.Quality:5]]
[2019.11.29-14.03.08:087][  0]LogConfig: Setting CVar [[r.DOF.Gather.AccumulatorQuality:1        ; higher gathering accumulator quality]]
[2019.11.29-14.03.08:087][  0]LogConfig: Setting CVar [[r.DOF.Gather.PostfilterMethod:1          ; Median3x3 postfilering method]]
[2019.11.29-14.03.08:087][  0]LogConfig: Setting CVar [[r.DOF.Gather.EnableBokehSettings:0       ; no bokeh simulation when gathering]]
[2019.11.29-14.03.08:087][  0]LogConfig: Setting CVar [[r.DOF.Gather.RingCount:4                 ; medium number of samples when gathering]]
[2019.11.29-14.03.08:087][  0]LogConfig: Setting CVar [[r.DOF.Scatter.ForegroundCompositing:1    ; additive foreground scattering]]
[2019.11.29-14.03.08:087][  0]LogConfig: Setting CVar [[r.DOF.Scatter.BackgroundCompositing:2    ; additive background scattering]]
[2019.11.29-14.03.08:087][  0]LogConfig: Setting CVar [[r.DOF.Scatter.EnableBokehSettings:1      ; bokeh simulation when scattering]]
[2019.11.29-14.03.08:087][  0]LogConfig: Setting CVar [[r.DOF.Scatter.MaxSpriteRatio:0.1         ; only a maximum of 10% of scattered bokeh]]
[2019.11.29-14.03.08:087][  0]LogConfig: Setting CVar [[r.DOF.Recombine.Quality:1                ; cheap slight out of focus]]
[2019.11.29-14.03.08:087][  0]LogConfig: Setting CVar [[r.DOF.Recombine.EnableBokehSettings:0    ; no bokeh simulation on slight out of focus]]
[2019.11.29-14.03.08:087][  0]LogConfig: Setting CVar [[r.DOF.TemporalAAQuality:1                ; more stable temporal accumulation]]
[2019.11.29-14.03.08:087][  0]LogConfig: Setting CVar [[r.DOF.Kernel.MaxForegroundRadius:0.025]]
[2019.11.29-14.03.08:087][  0]LogConfig: Setting CVar [[r.DOF.Kernel.MaxBackgroundRadius:0.025]]
[2019.11.29-14.03.08:087][  0]LogConfig: Applying CVar settings from Section [TextureQuality@3] File [D:/UEproject/projet-objets-partagee-2019-Thorekt/Saved/Config/Windows/Scalability.ini]
[2019.11.29-14.03.08:087][  0]LogConfig: Setting CVar [[r.Streaming.MipBias:0]]
[2019.11.29-14.03.08:087][  0]LogConfig: Setting CVar [[r.Streaming.AmortizeCPUToGPUCopy:0]]
[2019.11.29-14.03.08:087][  0]LogConfig: Setting CVar [[r.Streaming.MaxNumTexturesToStreamPerFrame:0]]
[2019.11.29-14.03.08:088][  0]LogConfig: Setting CVar [[r.Streaming.Boost:1]]
[2019.11.29-14.03.08:088][  0]LogConfig: Setting CVar [[r.MaxAnisotropy:8]]
[2019.11.29-14.03.08:088][  0]LogConfig: Setting CVar [[r.Streaming.LimitPoolSizeToVRAM:0]]
[2019.11.29-14.03.08:088][  0]LogConfig: Setting CVar [[r.Streaming.PoolSize:1000]]
[2019.11.29-14.03.08:088][  0]LogConfig: Setting CVar [[r.Streaming.MaxEffectiveScreenSize:0]]
[2019.11.29-14.03.08:088][  0]LogConfig: Applying CVar settings from Section [EffectsQuality@3] File [D:/UEproject/projet-objets-partagee-2019-Thorekt/Saved/Config/Windows/Scalability.ini]
[2019.11.29-14.03.08:088][  0]LogConfig: Setting CVar [[r.TranslucencyLightingVolumeDim:64]]
[2019.11.29-14.03.08:088][  0]LogConfig: Setting CVar [[r.RefractionQuality:2]]
[2019.11.29-14.03.08:088][  0]LogConfig: Setting CVar [[r.SSR.Quality:3]]
[2019.11.29-14.03.08:088][  0]LogConfig: Setting CVar [[r.SceneColorFormat:4]]
[2019.11.29-14.03.08:088][  0]LogConfig: Setting CVar [[r.DetailMode:2]]
[2019.11.29-14.03.08:088][  0]LogConfig: Setting CVar [[r.TranslucencyVolumeBlur:1]]
[2019.11.29-14.03.08:088][  0]LogConfig: Setting CVar [[r.MaterialQualityLevel:1 ; High quality]]
[2019.11.29-14.03.08:088][  0]LogConfig: Setting CVar [[r.SSS.Scale:1]]
[2019.11.29-14.03.08:088][  0]LogConfig: Setting CVar [[r.SSS.SampleSet:2]]
[2019.11.29-14.03.08:088][  0]LogConfig: Setting CVar [[r.SSS.Quality:1]]
[2019.11.29-14.03.08:088][  0]LogConfig: Setting CVar [[r.SSS.HalfRes:1]]
[2019.11.29-14.03.08:088][  0]LogConfig: Setting CVar [[r.EmitterSpawnRateScale:1.0]]
[2019.11.29-14.03.08:088][  0]LogConfig: Setting CVar [[r.ParticleLightQuality:2]]
[2019.11.29-14.03.08:088][  0]LogConfig: Applying CVar settings from Section [FoliageQuality@3] File [D:/UEproject/projet-objets-partagee-2019-Thorekt/Saved/Config/Windows/Scalability.ini]
[2019.11.29-14.03.08:088][  0]LogConfig: Setting CVar [[foliage.DensityScale:1.0]]
[2019.11.29-14.03.08:088][  0]LogConfig: Setting CVar [[grass.DensityScale:1.0]]
[2019.11.29-14.03.08:088][  0]LogInit: Selected Device Profile: [Windows]
[2019.11.29-14.03.08:088][  0]LogInit: Applying CVar settings loaded from the selected device profile: [Windows]
[2019.11.29-14.03.08:091][  0]LogHAL: Display: Platform has ~ 16 GB [17058197504 / 17179869184 / 16], which maps to Larger [LargestMinGB=32, LargerMinGB=12, DefaultMinGB=8, SmallerMinGB=6, SmallestMinGB=0)
[2019.11.29-14.03.08:091][  0]LogInit: Going up to parent DeviceProfile []
[2019.11.29-14.03.08:091][  0]LogConfig: Applying CVar settings from Section [ViewDistanceQuality@3] File [D:/UEproject/projet-objets-partagee-2019-Thorekt/Saved/Config/Windows/Scalability.ini]
[2019.11.29-14.03.08:091][  0]LogConfig: Setting CVar [[r.SkeletalMeshLODBias:0]]
[2019.11.29-14.03.08:091][  0]LogConfig: Setting CVar [[r.ViewDistanceScale:1.0]]
[2019.11.29-14.03.08:091][  0]LogConfig: Applying CVar settings from Section [AntiAliasingQuality@3] File [D:/UEproject/projet-objets-partagee-2019-Thorekt/Saved/Config/Windows/Scalability.ini]
[2019.11.29-14.03.08:091][  0]LogConfig: Setting CVar [[r.PostProcessAAQuality:4]]
[2019.11.29-14.03.08:091][  0]LogConfig: Applying CVar settings from Section [ShadowQuality@3] File [D:/UEproject/projet-objets-partagee-2019-Thorekt/Saved/Config/Windows/Scalability.ini]
[2019.11.29-14.03.08:091][  0]LogConfig: Setting CVar [[r.LightFunctionQuality:1]]
[2019.11.29-14.03.08:091][  0]LogConfig: Setting CVar [[r.ShadowQuality:5]]
[2019.11.29-14.03.08:091][  0]LogConfig: Setting CVar [[r.Shadow.CSM.MaxCascades:10]]
[2019.11.29-14.03.08:091][  0]LogConfig: Setting CVar [[r.Shadow.MaxResolution:2048]]
[2019.11.29-14.03.08:091][  0]LogConfig: Setting CVar [[r.Shadow.MaxCSMResolution:2048]]
[2019.11.29-14.03.08:091][  0]LogConfig: Setting CVar [[r.Shadow.RadiusThreshold:0.01]]
[2019.11.29-14.03.08:091][  0]LogConfig: Setting CVar [[r.Shadow.DistanceScale:1.0]]
[2019.11.29-14.03.08:091][  0]LogConfig: Setting CVar [[r.Shadow.CSM.TransitionScale:1.0]]
[2019.11.29-14.03.08:091][  0]LogConfig: Setting CVar [[r.Shadow.PreShadowResolutionFactor:1.0]]
[2019.11.29-14.03.08:091][  0]LogConfig: Setting CVar [[r.DistanceFieldShadowing:1]]
[2019.11.29-14.03.08:091][  0]LogConfig: Setting CVar [[r.DistanceFieldAO:1]]
[2019.11.29-14.03.08:091][  0]LogConfig: Setting CVar [[r.AOQuality:2]]
[2019.11.29-14.03.08:091][  0]LogConfig: Setting CVar [[r.VolumetricFog:1]]
[2019.11.29-14.03.08:091][  0]LogConfig: Setting CVar [[r.VolumetricFog.GridPixelSize:8]]
[2019.11.29-14.03.08:091][  0]LogConfig: Setting CVar [[r.VolumetricFog.GridSizeZ:128]]
[2019.11.29-14.03.08:091][  0]LogConfig: Setting CVar [[r.VolumetricFog.HistoryMissSupersampleCount:4]]
[2019.11.29-14.03.08:091][  0]LogConfig: Setting CVar [[r.LightMaxDrawDistanceScale:1]]
[2019.11.29-14.03.08:091][  0]LogConfig: Setting CVar [[r.CapsuleShadows:1]]
[2019.11.29-14.03.08:091][  0]LogConfig: Applying CVar settings from Section [PostProcessQuality@3] File [D:/UEproject/projet-objets-partagee-2019-Thorekt/Saved/Config/Windows/Scalability.ini]
[2019.11.29-14.03.08:091][  0]LogConfig: Setting CVar [[r.MotionBlurQuality:4]]
[2019.11.29-14.03.08:091][  0]LogConfig: Setting CVar [[r.AmbientOcclusionMipLevelFactor:0.4]]
[2019.11.29-14.03.08:091][  0]LogConfig: Setting CVar [[r.AmbientOcclusionMaxQuality:100]]
[2019.11.29-14.03.08:091][  0]LogConfig: Setting CVar [[r.AmbientOcclusionLevels:-1]]
[2019.11.29-14.03.08:091][  0]LogConfig: Setting CVar [[r.AmbientOcclusionRadiusScale:1.0]]
[2019.11.29-14.03.08:091][  0]LogConfig: Setting CVar [[r.DepthOfFieldQuality:2]]
[2019.11.29-14.03.08:091][  0]LogConfig: Setting CVar [[r.RenderTargetPoolMin:400]]
[2019.11.29-14.03.08:091][  0]LogConfig: Setting CVar [[r.LensFlareQuality:2]]
[2019.11.29-14.03.08:091][  0]LogConfig: Setting CVar [[r.SceneColorFringeQuality:1]]
[2019.11.29-14.03.08:091][  0]LogConfig: Setting CVar [[r.EyeAdaptationQuality:2]]
[2019.11.29-14.03.08:091][  0]LogConfig: Setting CVar [[r.BloomQuality:5]]
[2019.11.29-14.03.08:091][  0]LogConfig: Setting CVar [[r.FastBlurThreshold:100]]
[2019.11.29-14.03.08:091][  0]LogConfig: Setting CVar [[r.Upscale.Quality:3]]
[2019.11.29-14.03.08:091][  0]LogConfig: Setting CVar [[r.Tonemapper.GrainQuantization:1]]
[2019.11.29-14.03.08:091][  0]LogConfig: Setting CVar [[r.LightShaftQuality:1]]
[2019.11.29-14.03.08:091][  0]LogConfig: Setting CVar [[r.Filter.SizeScale:1]]
[2019.11.29-14.03.08:091][  0]LogConfig: Setting CVar [[r.Tonemapper.Quality:5]]
[2019.11.29-14.03.08:091][  0]LogConfig: Setting CVar [[r.DOF.Gather.AccumulatorQuality:1        ; higher gathering accumulator quality]]
[2019.11.29-14.03.08:091][  0]LogConfig: Setting CVar [[r.DOF.Gather.PostfilterMethod:1          ; Median3x3 postfilering method]]
[2019.11.29-14.03.08:091][  0]LogConfig: Setting CVar [[r.DOF.Gather.EnableBokehSettings:0       ; no bokeh simulation when gathering]]
[2019.11.29-14.03.08:091][  0]LogConfig: Setting CVar [[r.DOF.Gather.RingCount:4                 ; medium number of samples when gathering]]
[2019.11.29-14.03.08:091][  0]LogConfig: Setting CVar [[r.DOF.Scatter.ForegroundCompositing:1    ; additive foreground scattering]]
[2019.11.29-14.03.08:091][  0]LogConfig: Setting CVar [[r.DOF.Scatter.BackgroundCompositing:2    ; additive background scattering]]
[2019.11.29-14.03.08:091][  0]LogConfig: Setting CVar [[r.DOF.Scatter.EnableBokehSettings:1      ; bokeh simulation when scattering]]
[2019.11.29-14.03.08:091][  0]LogConfig: Setting CVar [[r.DOF.Scatter.MaxSpriteRatio:0.1         ; only a maximum of 10% of scattered bokeh]]
[2019.11.29-14.03.08:091][  0]LogConfig: Setting CVar [[r.DOF.Recombine.Quality:1                ; cheap slight out of focus]]
[2019.11.29-14.03.08:092][  0]LogConfig: Setting CVar [[r.DOF.Recombine.EnableBokehSettings:0    ; no bokeh simulation on slight out of focus]]
[2019.11.29-14.03.08:092][  0]LogConfig: Setting CVar [[r.DOF.TemporalAAQuality:1                ; more stable temporal accumulation]]
[2019.11.29-14.03.08:092][  0]LogConfig: Setting CVar [[r.DOF.Kernel.MaxForegroundRadius:0.025]]
[2019.11.29-14.03.08:092][  0]LogConfig: Setting CVar [[r.DOF.Kernel.MaxBackgroundRadius:0.025]]
[2019.11.29-14.03.08:092][  0]LogConfig: Applying CVar settings from Section [TextureQuality@3] File [D:/UEproject/projet-objets-partagee-2019-Thorekt/Saved/Config/Windows/Scalability.ini]
[2019.11.29-14.03.08:092][  0]LogConfig: Setting CVar [[r.Streaming.MipBias:0]]
[2019.11.29-14.03.08:092][  0]LogConfig: Setting CVar [[r.Streaming.AmortizeCPUToGPUCopy:0]]
[2019.11.29-14.03.08:092][  0]LogConfig: Setting CVar [[r.Streaming.MaxNumTexturesToStreamPerFrame:0]]
[2019.11.29-14.03.08:092][  0]LogConfig: Setting CVar [[r.Streaming.Boost:1]]
[2019.11.29-14.03.08:092][  0]LogConfig: Setting CVar [[r.MaxAnisotropy:8]]
[2019.11.29-14.03.08:092][  0]LogConfig: Setting CVar [[r.Streaming.LimitPoolSizeToVRAM:0]]
[2019.11.29-14.03.08:092][  0]LogConfig: Setting CVar [[r.Streaming.PoolSize:1000]]
[2019.11.29-14.03.08:092][  0]LogConfig: Setting CVar [[r.Streaming.MaxEffectiveScreenSize:0]]
[2019.11.29-14.03.08:092][  0]LogConfig: Applying CVar settings from Section [EffectsQuality@3] File [D:/UEproject/projet-objets-partagee-2019-Thorekt/Saved/Config/Windows/Scalability.ini]
[2019.11.29-14.03.08:092][  0]LogConfig: Setting CVar [[r.TranslucencyLightingVolumeDim:64]]
[2019.11.29-14.03.08:092][  0]LogConfig: Setting CVar [[r.RefractionQuality:2]]
[2019.11.29-14.03.08:092][  0]LogConfig: Setting CVar [[r.SSR.Quality:3]]
[2019.11.29-14.03.08:092][  0]LogConfig: Setting CVar [[r.SceneColorFormat:4]]
[2019.11.29-14.03.08:092][  0]LogConfig: Setting CVar [[r.DetailMode:2]]
[2019.11.29-14.03.08:092][  0]LogConfig: Setting CVar [[r.TranslucencyVolumeBlur:1]]
[2019.11.29-14.03.08:092][  0]LogConfig: Setting CVar [[r.MaterialQualityLevel:1 ; High quality]]
[2019.11.29-14.03.08:092][  0]LogConfig: Setting CVar [[r.SSS.Scale:1]]
[2019.11.29-14.03.08:092][  0]LogConfig: Setting CVar [[r.SSS.SampleSet:2]]
[2019.11.29-14.03.08:092][  0]LogConfig: Setting CVar [[r.SSS.Quality:1]]
[2019.11.29-14.03.08:092][  0]LogConfig: Setting CVar [[r.SSS.HalfRes:1]]
[2019.11.29-14.03.08:092][  0]LogConfig: Setting CVar [[r.EmitterSpawnRateScale:1.0]]
[2019.11.29-14.03.08:092][  0]LogConfig: Setting CVar [[r.ParticleLightQuality:2]]
[2019.11.29-14.03.08:092][  0]LogConfig: Applying CVar settings from Section [FoliageQuality@3] File [D:/UEproject/projet-objets-partagee-2019-Thorekt/Saved/Config/Windows/Scalability.ini]
[2019.11.29-14.03.08:092][  0]LogConfig: Setting CVar [[foliage.DensityScale:1.0]]
[2019.11.29-14.03.08:092][  0]LogConfig: Setting CVar [[grass.DensityScale:1.0]]
[2019.11.29-14.03.08:092][  0]LogConfig: Applying CVar settings from Section [Startup] File [../../../Engine/Config/ConsoleVariables.ini]
[2019.11.29-14.03.08:092][  0]LogConfig: Setting CVar [[net.UseAdaptiveNetUpdateFrequency:0]]
[2019.11.29-14.03.08:092][  0]LogConfig: Setting CVar [[p.chaos.AllowCreatePhysxBodies:1]]
[2019.11.29-14.03.08:092][  0]LogConfig: Applying CVar settings from Section [ConsoleVariables] File [D:/UEproject/projet-objets-partagee-2019-Thorekt/Saved/Config/Windows/Engine.ini]
[2019.11.29-14.03.08:092][  0]LogInit: Computer: LAPTOP-RM4NRAU3
[2019.11.29-14.03.08:092][  0]LogInit: User: Robin
[2019.11.29-14.03.08:092][  0]LogInit: CPU Page size=4096, Cores=4
[2019.11.29-14.03.08:092][  0]LogInit: High frequency timer resolution =10.000000 MHz
[2019.11.29-14.03.08:093][  0]LogMemory: Memory total: Physical=15.9GB (16GB approx)
[2019.11.29-14.03.08:093][  0]LogMemory: Platform Memory Stats for Windows
[2019.11.29-14.03.08:093][  0]LogMemory: Process Physical Memory: 104.77 MB used, 104.78 MB peak
[2019.11.29-14.03.08:093][  0]LogMemory: Process Virtual Memory: 89.35 MB used, 89.35 MB peak
[2019.11.29-14.03.08:093][  0]LogMemory: Physical Memory: 6067.89 MB used,  10200.07 MB free, 16267.96 MB total
[2019.11.29-14.03.08:093][  0]LogMemory: Virtual Memory: 4704.82 MB used,  134213024.00 MB free, 134217728.00 MB total
[2019.11.29-14.03.08:096][  0]LogWindows: WindowsPlatformFeatures enabled
[2019.11.29-14.03.08:124][  0]LogInit: Overriding locale with editor locale configuration option (fr-CA).
[2019.11.29-14.03.08:124][  0]LogInit: Overriding language with editor culture configuration option ().
[2019.11.29-14.03.08:124][  0]LogInit: Using OS detected language (fr-FR).
[2019.11.29-14.03.08:125][  0]LogTextLocalizationManager: No specific localization for 'fr-FR' exists, so the 'fr' localization will be used.
[2019.11.29-14.03.08:125][  0]LogTextLocalizationResource: LocRes '../../../Engine/Content/Localization/Editor/fr/Editor.locres' could not be opened for reading!
[2019.11.29-14.03.08:125][  0]LogTextLocalizationResource: LocRes '../../../Engine/Content/Localization/EditorTutorials/fr/EditorTutorials.locres' could not be opened for reading!
[2019.11.29-14.03.08:125][  0]LogTextLocalizationResource: LocRes '../../../Engine/Content/Localization/Keywords/fr/Keywords.locres' could not be opened for reading!
[2019.11.29-14.03.08:126][  0]LogTextLocalizationResource: LocRes '../../../Engine/Content/Localization/Category/fr/Category.locres' could not be opened for reading!
[2019.11.29-14.03.08:126][  0]LogTextLocalizationResource: LocRes '../../../Engine/Content/Localization/ToolTips/fr/ToolTips.locres' could not be opened for reading!
[2019.11.29-14.03.08:126][  0]LogTextLocalizationResource: LocRes '../../../Engine/Content/Localization/PropertyNames/fr/PropertyNames.locres' could not be opened for reading!
[2019.11.29-14.03.08:126][  0]LogTextLocalizationResource: LocRes '../../../Engine/Content/Localization/Engine/fr/Engine.locres' could not be opened for reading!
[2019.11.29-14.03.08:127][  0]LogInit: Setting process to per monitor DPI aware
[2019.11.29-14.03.08:165][  0]LogSlate: New Slate User Created.  User Index 0, Is Virtual User: 0
[2019.11.29-14.03.08:165][  0]LogSlate: Slate User Registered.  User Index 0, Is Virtual User: 0
[2019.11.29-14.03.08:470][  0]LogHMD: Failed to initialize OpenVR with code 110
[2019.11.29-14.03.08:470][  0]LogD3D11RHI: D3D11 adapters:
[2019.11.29-14.03.08:556][  0]LogD3D11RHI:    0. 'NVIDIA GeForce GTX 1050' (Feature Level 11_0)
[2019.11.29-14.03.08:556][  0]LogD3D11RHI:       4021/0/8133 MB DedicatedVideo/DedicatedSystem/SharedSystem, Outputs:2, VendorId:0x10de
[2019.11.29-14.03.08:571][  0]LogD3D11RHI:    1. 'Intel(R) HD Graphics 630' (Feature Level 11_0)
[2019.11.29-14.03.08:571][  0]LogD3D11RHI:       128/0/8133 MB DedicatedVideo/DedicatedSystem/SharedSystem, Outputs:0, VendorId:0x8086
[2019.11.29-14.03.08:573][  0]LogD3D11RHI:    2. 'Microsoft Basic Render Driver' (Feature Level 11_0)
[2019.11.29-14.03.08:573][  0]LogD3D11RHI:       0/0/8133 MB DedicatedVideo/DedicatedSystem/SharedSystem, Outputs:0, VendorId:0x1414
[2019.11.29-14.03.08:573][  0]LogD3D11RHI: Chosen D3D11 Adapter: 0
[2019.11.29-14.03.08:612][  0]LogD3D11RHI: Creating new Direct3DDevice
[2019.11.29-14.03.08:612][  0]LogD3D11RHI:     GPU DeviceId: 0x1c8d (for the marketing name, search the web for "GPU Device Id")
[2019.11.29-14.03.08:612][  0]LogWindows: EnumDisplayDevices:
[2019.11.29-14.03.08:612][  0]LogWindows:    0. 'Intel(R) HD Graphics 630' (P:1 D:1)
[2019.11.29-14.03.08:612][  0]LogWindows:    1. 'Intel(R) HD Graphics 630' (P:0 D:1)
[2019.11.29-14.03.08:613][  0]LogWindows:    2. 'Intel(R) HD Graphics 630' (P:0 D:0)
[2019.11.29-14.03.08:613][  0]LogWindows: DebugString: PrimaryIsNotTheChoosenAdapter PrimaryIsNotTheChoosenAdapter PrimaryIsNotTheChoosenAdapter FoundDriverCount:0 
[2019.11.29-14.03.08:613][  0]LogD3D11RHI:     Adapter Name: NVIDIA GeForce GTX 1050
[2019.11.29-14.03.08:613][  0]LogD3D11RHI:   Driver Version: Unknown (internal:Unknown, unified:Unknown)
[2019.11.29-14.03.08:613][  0]LogD3D11RHI:      Driver Date: Unknown
[2019.11.29-14.03.08:613][  0]LogRHI: Texture pool is 2814 MB (70% of 4021 MB)
[2019.11.29-14.03.08:661][  0]LogD3D11RHI: Async texture creation enabled
[2019.11.29-14.03.08:679][  0]LogD3D11RHI: GPU Timing Frequency: 1000.000000 (Debug: 2 1)
[2019.11.29-14.03.09:062][  0]LogTemp: Display: Module 'AllDesktopTargetPlatform' loaded TargetPlatform 'AllDesktop'
[2019.11.29-14.03.09:072][  0]LogTemp: Display: Module 'MacClientTargetPlatform' loaded TargetPlatform 'MacClient'
[2019.11.29-14.03.09:081][  0]LogTemp: Display: Module 'MacNoEditorTargetPlatform' loaded TargetPlatform 'MacNoEditor'
[2019.11.29-14.03.09:090][  0]LogTemp: Display: Module 'MacServerTargetPlatform' loaded TargetPlatform 'MacServer'
[2019.11.29-14.03.09:098][  0]LogTemp: Display: Module 'MacTargetPlatform' loaded TargetPlatform 'Mac'
[2019.11.29-14.03.09:108][  0]LogTemp: Display: Module 'WindowsClientTargetPlatform' loaded TargetPlatform 'WindowsClient'
[2019.11.29-14.03.09:119][  0]LogTemp: Display: Module 'WindowsNoEditorTargetPlatform' loaded TargetPlatform 'WindowsNoEditor'
[2019.11.29-14.03.09:127][  0]LogTemp: Display: Module 'WindowsServerTargetPlatform' loaded TargetPlatform 'WindowsServer'
[2019.11.29-14.03.09:131][  0]LogTemp: Display: Module 'WindowsTargetPlatform' loaded TargetPlatform 'Windows'
[2019.11.29-14.03.09:166][  0]LogTemp: Display: Module 'AndroidTargetPlatform' loaded TargetPlatform 'Android'
[2019.11.29-14.03.09:167][  0]LogTemp: Display: Module 'AndroidTargetPlatform' loaded TargetPlatform 'Android_ASTC'
[2019.11.29-14.03.09:167][  0]LogTemp: Display: Module 'AndroidTargetPlatform' loaded TargetPlatform 'Android_ATC'
[2019.11.29-14.03.09:167][  0]LogTemp: Display: Module 'AndroidTargetPlatform' loaded TargetPlatform 'Android_DXT'
[2019.11.29-14.03.09:167][  0]LogTemp: Display: Module 'AndroidTargetPlatform' loaded TargetPlatform 'Android_ETC1'
[2019.11.29-14.03.09:167][  0]LogTemp: Display: Module 'AndroidTargetPlatform' loaded TargetPlatform 'Android_ETC1a'
[2019.11.29-14.03.09:167][  0]LogTemp: Display: Module 'AndroidTargetPlatform' loaded TargetPlatform 'Android_ETC2'
[2019.11.29-14.03.09:167][  0]LogTemp: Display: Module 'AndroidTargetPlatform' loaded TargetPlatform 'Android_PVRTC'
[2019.11.29-14.03.09:167][  0]LogTemp: Display: Module 'AndroidTargetPlatform' loaded TargetPlatform 'AndroidClient'
[2019.11.29-14.03.09:167][  0]LogTemp: Display: Module 'AndroidTargetPlatform' loaded TargetPlatform 'Android_ASTCClient'
[2019.11.29-14.03.09:167][  0]LogTemp: Display: Module 'AndroidTargetPlatform' loaded TargetPlatform 'Android_ATCClient'
[2019.11.29-14.03.09:167][  0]LogTemp: Display: Module 'AndroidTargetPlatform' loaded TargetPlatform 'Android_DXTClient'
[2019.11.29-14.03.09:167][  0]LogTemp: Display: Module 'AndroidTargetPlatform' loaded TargetPlatform 'Android_ETC1Client'
[2019.11.29-14.03.09:167][  0]LogTemp: Display: Module 'AndroidTargetPlatform' loaded TargetPlatform 'Android_ETC1aClient'
[2019.11.29-14.03.09:167][  0]LogTemp: Display: Module 'AndroidTargetPlatform' loaded TargetPlatform 'Android_ETC2Client'
[2019.11.29-14.03.09:167][  0]LogTemp: Display: Module 'AndroidTargetPlatform' loaded TargetPlatform 'Android_PVRTCClient'
[2019.11.29-14.03.09:167][  0]LogTemp: Display: Module 'AndroidTargetPlatform' loaded TargetPlatform 'Android_Multi'
[2019.11.29-14.03.09:167][  0]LogTemp: Display: Module 'AndroidTargetPlatform' loaded TargetPlatform 'Android_MultiClient'
[2019.11.29-14.03.09:169][  0]LogTemp: Display: Module 'HTML5TargetPlatform' loaded TargetPlatform 'HTML5'
[2019.11.29-14.03.09:185][  0]LogTemp: Display: Module 'IOSTargetPlatform' loaded TargetPlatform 'IOSClient'
[2019.11.29-14.03.09:185][  0]LogTemp: Display: Module 'IOSTargetPlatform' loaded TargetPlatform 'IOS'
[2019.11.29-14.03.09:201][  0]LogTemp: Display: Module 'TVOSTargetPlatform' loaded TargetPlatform 'TVOSClient'
[2019.11.29-14.03.09:201][  0]LogTemp: Display: Module 'TVOSTargetPlatform' loaded TargetPlatform 'TVOS'
[2019.11.29-14.03.09:210][  0]LogTemp: Display: Module 'LinuxClientTargetPlatform' loaded TargetPlatform 'LinuxClient'
[2019.11.29-14.03.09:217][  0]LogTemp: Display: Module 'LinuxNoEditorTargetPlatform' loaded TargetPlatform 'LinuxNoEditor'
[2019.11.29-14.03.09:227][  0]LogTemp: Display: Module 'LinuxServerTargetPlatform' loaded TargetPlatform 'LinuxServer'
[2019.11.29-14.03.09:235][  0]LogTemp: Display: Module 'LinuxTargetPlatform' loaded TargetPlatform 'Linux'
[2019.11.29-14.03.09:261][  0]LogTemp: Display: Module 'LuminTargetPlatform' loaded TargetPlatform 'Lumin'
[2019.11.29-14.03.09:261][  0]LogTemp: Display: Module 'LuminTargetPlatform' loaded TargetPlatform 'LuminClient'
[2019.11.29-14.03.09:261][  0]LogTargetPlatformManager: Display: Building Assets For Windows
[2019.11.29-14.03.09:269][  0]LogAudioDebug: Display: Lib vorbis DLL was dynamically loaded.
[2019.11.29-14.03.09:313][  0]LogShaderCompilers: Guid format shader working directory is -15 characters bigger than the processId version (../../../../../UEproject/projet-objets-partagee-2019-Thorekt/Intermediate/Shaders/WorkingDirectory/18532/).
[2019.11.29-14.03.09:313][  0]LogShaderCompilers: Cleaned the shader compiler working directory 'C:/Users/Robin/AppData/Local/Temp/UnrealShaderWorkingDir/8BE8D4B34E8B98703C2B5680DE228FFE/'.
[2019.11.29-14.03.09:315][  0]LogXGEController: Cannot use XGE Controller as Incredibuild is not installed on this machine.
[2019.11.29-14.03.09:315][  0]LogShaderCompilers: Cannot use XGE Shader Compiler as Incredibuild is not installed on this machine.
[2019.11.29-14.03.09:315][  0]LogShaderCompilers: Display: Using Local Shader Compiler.
[2019.11.29-14.03.10:012][  0]LogDerivedDataCache: Display: Max Cache Size: 512 MB
[2019.11.29-14.03.10:072][  0]LogDerivedDataCache: Loaded boot cache 0.06s 77MB C:/Users/Robin/AppData/Local/UnrealEngine/4.23/DerivedDataCache/Boot.ddc.
[2019.11.29-14.03.10:072][  0]LogDerivedDataCache: Display: Loaded Boot cache: C:/Users/Robin/AppData/Local/UnrealEngine/4.23/DerivedDataCache/Boot.ddc
[2019.11.29-14.03.10:072][  0]LogDerivedDataCache: FDerivedDataBackendGraph:  Pak pak cache file ../../../../../UEproject/projet-objets-partagee-2019-Thorekt/DerivedDataCache/DDC.ddp not found, will not use a pak cache.
[2019.11.29-14.03.10:072][  0]LogDerivedDataCache: Unable to find inner node Pak for hierarchical cache Hierarchy.
[2019.11.29-14.03.10:072][  0]LogDerivedDataCache: FDerivedDataBackendGraph:  CompressedPak pak cache file ../../../../../UEproject/projet-objets-partagee-2019-Thorekt/DerivedDataCache/Compressed.ddp not found, will not use a pak cache.
[2019.11.29-14.03.10:072][  0]LogDerivedDataCache: Unable to find inner node CompressedPak for hierarchical cache Hierarchy.
[2019.11.29-14.03.10:084][  0]LogDerivedDataCache: Display: Pak cache opened for reading ../../../Engine/DerivedDataCache/Compressed.ddp.
[2019.11.29-14.03.10:084][  0]LogDerivedDataCache: FDerivedDataBackendGraph:  EnterprisePak pak cache file ../../../Enterprise/DerivedDataCache/Compressed.ddp not found, will not use a pak cache.
[2019.11.29-14.03.10:084][  0]LogDerivedDataCache: Unable to find inner node EnterprisePak for hierarchical cache Hierarchy.
[2019.11.29-14.03.10:085][  0]LogDerivedDataCache: Using Local data cache path C:/Users/Robin/AppData/Local/UnrealEngine/Common/DerivedDataCache: Writable
[2019.11.29-14.03.10:085][  0]LogDerivedDataCache: Shared data cache path not found in *engine.ini, will not use an Shared cache.
[2019.11.29-14.03.10:085][  0]LogDerivedDataCache: Unable to find inner node Shared for hierarchical cache Hierarchy.
[2019.11.29-14.03.10:109][  0]LogMaterial: Verifying Global Shaders for PCD3D_SM5
[2019.11.29-14.03.10:112][  0]LogSlate: Using FreeType 2.6.0
[2019.11.29-14.03.10:113][  0]LogSlate: SlateFontServices - WITH_FREETYPE: 1, WITH_HARFBUZZ: 1
[2019.11.29-14.03.10:184][  0]LogAssetRegistry: FAssetRegistry took 0.0025 seconds to start up
[2019.11.29-14.03.10:484][  0]LogInit: Selected Device Profile: [Windows]
[2019.11.29-14.03.10:530][  0]LogMeshReduction: Using QuadricMeshReduction for automatic static mesh reduction
[2019.11.29-14.03.10:530][  0]LogMeshReduction: Using SimplygonMeshReduction for automatic skeletal mesh reduction
[2019.11.29-14.03.10:530][  0]LogMeshReduction: Using ProxyLODMeshReduction for automatic mesh merging
[2019.11.29-14.03.10:530][  0]LogMeshReduction: No distributed automatic mesh merging module available
[2019.11.29-14.03.10:530][  0]LogMeshMerging: No distributed automatic mesh merging module available
[2019.11.29-14.03.10:650][  0]LogNetVersion: CursedLabyrinth 1.0.0, NetCL: 8386587, EngineNetVer: 11, GameNetVer: 0 (Checksum: 1792059842)
[2019.11.29-14.03.11:109][  0]LogPackageLocalizationCache: Processed 12 localized package path(s) for 1 prioritized culture(s) in 0.051919 seconds
[2019.11.29-14.03.11:116][  0]LogUObjectArray: 43444 objects as part of root set at end of initial load.
[2019.11.29-14.03.11:116][  0]LogUObjectAllocator: 7548648 out of 0 bytes used by permanent object pool.
[2019.11.29-14.03.11:116][  0]LogUObjectArray: CloseDisregardForGC: 0/0 objects in disregard for GC pool
[2019.11.29-14.03.12:111][  0]LogTcpMessaging: Initializing TcpMessaging bridge
[2019.11.29-14.03.12:113][  0]LogUdpMessaging: Initializing bridge on interface 0.0.0.0:0 to multicast group 230.0.0.1:6666.
[2019.11.29-14.03.12:185][  0]SourceControl: Source control is disabled
[2019.11.29-14.03.12:185][  0]SourceControl: Source control is disabled
[2019.11.29-14.03.12:186][  0]SourceControl: Source control is disabled
[2019.11.29-14.03.12:187][  0]SourceControl: Source control is disabled
[2019.11.29-14.03.12:281][  0]LogAndroidPermission: UAndroidPermissionCallbackProxy::GetInstance
[2019.11.29-14.03.12:398][  0]LogOcInput: OculusInput pre-init called
[2019.11.29-14.03.12:404][  0]LogWindows: Failed to load 'OVRPlugin.dll' (GetLastError=126)
[2019.11.29-14.03.12:404][  0]LogWindows: File 'OVRPlugin.dll' does not exist
[2019.11.29-14.03.12:472][  0]LogEngine: Initializing Engine...
[2019.11.29-14.03.12:473][  0]LogHMD: Failed to initialize OpenVR with code 110
[2019.11.29-14.03.12:474][  0]LogStats: UGameplayTagsManager::InitializeManager -  0.000 s
[2019.11.29-14.03.12:737][  0]LogInit: Initializing FReadOnlyCVARCache
[2019.11.29-14.03.12:753][  0]LogAIModule: Creating AISystem for world Untitled
[2019.11.29-14.03.12:781][  0]LogInit: XAudio2 using 'Speakers (Realtek High Definition Audio)' : 2 channels at 48 kHz using 32 bits per sample (channel mask 0x3)
[2019.11.29-14.03.12:835][  0]LogInit: FAudioDevice initialized.
[2019.11.29-14.03.12:835][  0]LogNetVersion: Set ProjectVersion to 1.0.0.0. Version Checksum will be recalculated on next use.
[2019.11.29-14.03.12:937][  0]LogDerivedDataCache: Saved boot cache 0.10s 77MB C:/Users/Robin/AppData/Local/UnrealEngine/4.23/DerivedDataCache/Boot.ddc.
[2019.11.29-14.03.12:945][  0]LogInit: Texture streaming: Enabled
[2019.11.29-14.03.12:965][  0]LogEngineSessionManager: EngineSessionManager initialized
[2019.11.29-14.03.12:965][  0]LogEditorSessionSummary: Verbose: Initializing EditorSessionSummaryWriter for editor session tracking
[2019.11.29-14.03.12:966][  0]LogEditorSessionSummary: EditorSessionSummaryWriter initialized
[2019.11.29-14.03.13:030][  0]LogInit: Transaction tracking system initialized
[2019.11.29-14.03.13:053][  0]BlueprintLog: New page: Editor Load
[2019.11.29-14.03.13:115][  0]LocalizationService: Localization service is disabled
[2019.11.29-14.03.13:164][  0]LogLinker: Warning: Failed to load '/Game/FirstPersonBP/FirstPersonOverview': Can't find file.
[2019.11.29-14.03.13:164][  0]LogLinker: Warning: Failed to load '/Game/FirstPersonBP/FirstPersonOverview': Can't find file.
[2019.11.29-14.03.13:164][  0]LogUObjectGlobals: Warning: Failed to find object 'Class /Game/FirstPersonBP/FirstPersonOverview.FirstPersonOverview_C'
[2019.11.29-14.03.13:371][  0]LogFileCache: Scanning file cache for directory 'D:/UEproject/projet-objets-partagee-2019-Thorekt/Content/' took 0.01s
[2019.11.29-14.03.13:371][  0]LogCook: Display: Max memory allowance for cook 16384mb min free memory 0mb
[2019.11.29-14.03.13:371][  0]LogCook: Display: Mobile HDR setting 1
[2019.11.29-14.03.13:576][  0]SourceControl: Source control is disabled
[2019.11.29-14.03.13:576][  0]Cmd: MAP LOAD FILE="../../../../../UEproject/projet-objets-partagee-2019-Thorekt/Content/TopDownBP/Maps/TopDownExampleMap.umap" TEMPLATE=0 SHOWPROGRESS=1 FEATURELEVEL=3
[2019.11.29-14.03.13:577][  0]LightingResults: New page: Lighting Build
[2019.11.29-14.03.13:580][  0]LogWorld: UWorld::CleanupWorld for Untitled, bSessionEnded=true, bCleanupResources=true
[2019.11.29-14.03.13:580][  0]MapCheck: New page: Map Check
[2019.11.29-14.03.13:580][  0]LightingResults: New page: Lighting Build
[2019.11.29-14.03.13:609][  0]LogUObjectHash: Compacting FUObjectHashTables data took   1.81ms
[2019.11.29-14.03.13:908][  0]LogAIModule: Creating AISystem for world TopDownExampleMap
[2019.11.29-14.03.13:920][  0]LogEditorServer: Finished looking for orphan Actors (0.000 secs)
[2019.11.29-14.03.13:949][  0]LogUObjectHash: Compacting FUObjectHashTables data took   2.46ms
[2019.11.29-14.03.13:949][  0]Cmd: MAP CHECKDEP NOCLEARLOG
[2019.11.29-14.03.13:949][  0]MapCheck: Map check complete: 0 Error(s), 0 Warning(s), took 0,085ms to complete.
[2019.11.29-14.03.13:949][  0]LogFileHelpers: Loading map 'TopDownExampleMap' took 0.373
[2019.11.29-14.03.14:075][  0]LogSlate: Updating window title bar state: overlay mode, drag disabled, window buttons hidden, title bar hidden
[2019.11.29-14.03.14:084][  0]LogSlate: Updating window title bar state: overlay mode, drag disabled, window buttons hidden, title bar hidden
[2019.11.29-14.03.14:092][  0]LogSlate: Updating window title bar state: overlay mode, drag disabled, window buttons hidden, title bar hidden
[2019.11.29-14.03.14:100][  0]LogSlate: Updating window title bar state: overlay mode, drag disabled, window buttons hidden, title bar hidden
[2019.11.29-14.03.14:106][  0]LogCollectionManager: Loaded 0 collections in 0.001597 seconds
[2019.11.29-14.03.14:113][  0]LogFileCache: Scanning file cache for directory 'D:/UEproject/projet-objets-partagee-2019-Thorekt/Saved/Collections/' took 0.00s
[2019.11.29-14.03.14:113][  0]LogFileCache: Scanning file cache for directory 'D:/UEproject/projet-objets-partagee-2019-Thorekt/Content/Developers/Robin/Collections/' took 0.00s
[2019.11.29-14.03.14:113][  0]LogFileCache: Scanning file cache for directory 'D:/UEproject/projet-objets-partagee-2019-Thorekt/Content/Collections/' took 0.00s
[2019.11.29-14.03.14:113][  0]LogCollectionManager: Rebuilt the GUID cache for 0 collections in 0.000001 seconds
[2019.11.29-14.03.14:123][  0]LogContentBrowser: Native class hierarchy populated in 0.0103 seconds. Added 2865 classes and 682 folders.
[2019.11.29-14.03.14:130][  0]LogContentBrowser: Native class hierarchy updated for 'WidgetCarousel' in 0.0009 seconds. Added 0 classes and 0 folders.
[2019.11.29-14.03.14:191][  0]LogContentBrowser: Native class hierarchy updated for 'AddContentDialog' in 0.0003 seconds. Added 0 classes and 0 folders.
[2019.11.29-14.03.14:196][  0]LogContentBrowser: Native class hierarchy updated for 'SceneOutliner' in 0.0005 seconds. Added 1 classes and 2 folders.
[2019.11.29-14.03.14:227][  0]LogSlate: Took 0.000485 seconds to synchronously load lazily loaded font '../../../Engine/Content/Slate/Fonts/Roboto-Regular.ttf' (155K)
[2019.11.29-14.03.14:231][  0]LogSlate: Took 0.000383 seconds to synchronously load lazily loaded font '../../../Engine/Content/Slate/Fonts/Roboto-Bold.ttf' (160K)
[2019.11.29-14.03.14:242][  0]LogSlate: Took 0.000638 seconds to synchronously load lazily loaded font '../../../Engine/Content/Editor/Slate/Fonts/FontAwesome.ttf' (139K)
[2019.11.29-14.03.14:326][  0]LogRenderer: Reallocating scene render targets to support 1208x572 Format 10 NumSamples 1 (Frame:1).
[2019.11.29-14.03.14:510][  0]LogContentBrowser: Native class hierarchy updated for 'HierarchicalLODOutliner' in 0.0009 seconds. Added 0 classes and 0 folders.
[2019.11.29-14.03.14:510][  0]LogLoad: (Engine Initialization) Total time: 29.32 seconds
[2019.11.29-14.03.14:510][  0]LogLoad: (Engine Initialization) Total Blueprint compile time: 0.00 seconds
[2019.11.29-14.03.14:574][  0]LogAssetRegistry: Asset discovery search completed in 4.3908 seconds
[2019.11.29-14.03.14:579][  0]LogCollectionManager: Rebuilt the object cache for 0 collections in 0.000005 seconds (found 0 objects)
[2019.11.29-14.03.14:579][  0]LogCollectionManager: Fixed up redirectors for 0 collections in 0.000095 seconds (updated 0 objects)
[2019.11.29-14.03.14:583][  0]LogContentStreaming: Texture pool size now 1000 MB
[2019.11.29-14.03.14:608][  0]LogSlate: Took 0.000175 seconds to synchronously load lazily loaded font '../../../Engine/Content/Slate/Fonts/Roboto-Light.ttf' (167K)
[2019.11.29-14.03.15:554][ 49]LogSlate: Took 0.000333 seconds to synchronously load lazily loaded font '../../../Engine/Content/Slate/Fonts/Roboto-Light.ttf' (167K)
[2019.11.29-14.03.23:839][175]LogSlate: FSceneViewport::OnFocusLost() reason 0
[2019.11.29-14.03.36:846][870]LogSlate: FSceneViewport::OnFocusLost() reason 2
[2019.11.29-14.03.42:486][207]LogSlate: FSceneViewport::OnFocusLost() reason 0
[2019.11.29-14.03.42:755][221]LogAssetEditorManager: Opening Asset editor for Class /Script/CursedLabyrinth.Labyrinthe
[2019.11.29-14.06.56:193][788]LogSlate: FSceneViewport::OnFocusLost() reason 0
[2019.11.29-14.06.58:769][920]Candidate modules for hot reload:
[2019.11.29-14.06.58:769][920]  CursedLabyrinth
[2019.11.29-14.06.58:769][920]Launching UnrealBuildTool... [D:/epic/UE_4.23/Engine/Binaries/DotNET/UnrealBuildTool.exe  -ModuleWithSuffix=CursedLabyrinth,6857 Win64 Development -TargetType=Editor -Project="D:/UEproject/projet-objets-partagee-2019-Thorekt/CursedLabyrinth.uproject" "D:/UEproject/projet-objets-partagee-2019-Thorekt/CursedLabyrinth.uproject"  -IgnoreJunk]
[2019.11.29-14.06.58:781][920]Warning: Starting HotReload took  0.1s.
[2019.11.29-14.07.01:402][ 63]LogEditorViewport: Clicking on Actor (LMB): LabyrintheBlueprint_C (LabyrintheBlueprint)
[2019.11.29-14.07.03:925][210]LogSlate: FSceneViewport::OnFocusLost() reason 2
[2019.11.29-14.07.05:469][286]LogSlate: FSceneViewport::OnFocusLost() reason 5
[2019.11.29-14.07.05:479][286]LogAssetEditorManager: Opening Asset editor for LevelScriptBlueprint /Game/TopDownBP/Maps/TopDownExampleMap.TopDownExampleMap:PersistentLevel.TopDownExampleMap
[2019.11.29-14.07.05:939][286]LogContentBrowser: Native class hierarchy updated for 'BlueprintGraph' in 0.0007 seconds. Added 121 classes and 0 folders.
[2019.11.29-14.07.06:898][286]LogSlate: Took 0.000308 seconds to synchronously load lazily loaded font '../../../Engine/Content/Slate/Fonts/Roboto-BoldCondensed.ttf' (158K)
[2019.11.29-14.07.14:479][684]CompilerResultsLog: New page: Compilation - 2019-11-29 04:07:14
[2019.11.29-14.07.14:479][684]CompilerResultsLog: Using 'git status' to determine working set for adaptive non-unity build (D:\UEproject\projet-objets-partagee-2019-Thorekt).
[2019.11.29-14.07.14:479][684]CompilerResultsLog: Parsing headers for CursedLabyrinthEditor
[2019.11.29-14.07.14:479][684]CompilerResultsLog:   Running UnrealHeaderTool "D:\UEproject\projet-objets-partagee-2019-Thorekt\CursedLabyrinth.uproject" "D:\UEproject\projet-objets-partagee-2019-Thorekt\Intermediate\Build\Win64\CursedLabyrinthEditor\Development\CursedLabyrinthEditor.uhtmanifest" -LogCmds="loginit warning, logexit warning, logdatabase error" -Unattended -WarningsAsErrors -installed
[2019.11.29-14.07.14:479][684]CompilerResultsLog: Reflection code generated for CursedLabyrinthEditor in 10,1809941 seconds
[2019.11.29-14.07.14:479][684]CompilerResultsLog: Using Visual Studio 2019 14.23.28105 toolchain (C:\Program Files (x86)\Microsoft Visual Studio\2019\Community\VC\Tools\MSVC\14.23.28105) and Windows 10.0.18362.0 SDK (C:\Program Files (x86)\Windows Kits\10).
[2019.11.29-14.07.14:479][684]CompilerResultsLog: Building 6 actions with 8 processes...
[2019.11.29-14.07.14:479][684]CompilerResultsLog:   [1/6] CursedLabyrinth.init.gen.cpp
[2019.11.29-14.07.14:479][684]CompilerResultsLog:   [2/6] Labyrinthe.gen.cpp
[2019.11.29-14.07.14:479][684]CompilerResultsLog:   [3/6] Labyrinthe.cpp
[2019.11.29-14.07.14:479][684]CompilerResultsLog:   [4/6] UE4Editor-CursedLabyrinth-6857.lib
[2019.11.29-14.07.14:479][684]CompilerResultsLog:      Cr?ation de la biblioth?que D:\UEproject\projet-objets-partagee-2019-Thorekt\Intermediate\Build\Win64\UE4Editor\Development\CursedLabyrinth\UE4Editor-CursedLabyrinth-6857.lib et de l'objet D:\UEproject\projet-objets-partagee-2019-Thorekt\Intermediate\Build\Win64\UE4Editor\Development\CursedLabyrinth\UE4Editor-CursedLabyrinth-6857.exp
[2019.11.29-14.07.14:479][684]CompilerResultsLog:   [5/6] UE4Editor-CursedLabyrinth-6857.dll
[2019.11.29-14.07.14:479][684]CompilerResultsLog:      Cr?ation de la biblioth?que D:\UEproject\projet-objets-partagee-2019-Thorekt\Intermediate\Build\Win64\UE4Editor\Development\CursedLabyrinth\UE4Editor-CursedLabyrinth-6857.suppressed.lib et de l'objet D:\UEproject\projet-objets-partagee-2019-Thorekt\Intermediate\Build\Win64\UE4Editor\Development\CursedLabyrinth\UE4Editor-CursedLabyrinth-6857.suppressed.exp
[2019.11.29-14.07.14:479][684]CompilerResultsLog:   [6/6] CursedLabyrinthEditor.target
[2019.11.29-14.07.14:479][684]CompilerResultsLog: Total time in Parallel executor: 3,60 seconds
[2019.11.29-14.07.14:479][684]CompilerResultsLog: Total execution time: 15,50 seconds
[2019.11.29-14.07.14:479][684]LogMainFrame: MainFrame: Module compiling took 15.722 seconds
[2019.11.29-14.07.14:519][684]LogUObjectHash: Compacting FUObjectHashTables data took   3.60ms
[2019.11.29-14.07.14:541][684]LogClass: Could not find existing class Labyrinthe in package /Script/CursedLabyrinth for HotReload, assuming new class
[2019.11.29-14.07.14:541][684]LogClass: Function genererLabyrinthe is new.
[2019.11.29-14.07.14:549][684]LogHotReload: Re-instancing Labyrinthe after hot-reload.
[2019.11.29-14.07.14:873][684]LogContentBrowser: Native class hierarchy updated for 'CursedLabyrinth' in 0.0004 seconds. Added 2 classes and 2 folders.
[2019.11.29-14.07.14:878][684]Display: HotReload successful (0 functions remapped  0 scriptstructs remapped)
[2019.11.29-14.07.14:976][684]LogUObjectHash: Compacting FUObjectHashTables data took   3.41ms
[2019.11.29-14.07.14:994][684]LogContentBrowser: Native class hierarchy populated in 0.0089 seconds. Added 2866 classes and 684 folders.
[2019.11.29-14.07.14:994][684]Display: HotReload took 16.3s.
[2019.11.29-14.08.15:014][644]LogEditorSessionSummary: EditorSessionSummary sent report. Type=Crashed, SessionId={B74EFC7B-4DD9-832F-3081-8EA9A9949EC6}
[2019.11.29-14.08.45:064][334]LogSlate: FSceneViewport::OnFocusLost() reason 2
[2019.11.29-14.09.37:028][265]LogSlate: Took 0.000300 seconds to synchronously load lazily loaded font '../../../Engine/Content/Slate/Fonts/Roboto-Italic.ttf' (157K)
[2019.11.29-14.09.44:319][674]BlueprintLog: New page: Compile TopDownExampleMap
[2019.11.29-14.09.44:650][674]LogUObjectHash: Compacting FUObjectHashTables data took   6.13ms
[2019.11.29-14.10.19:705][748]LogTemp: Repeating last play command: Selected Viewport
[2019.11.29-14.10.19:731][748]LogBlueprintUserMessages: Early PlayInEditor Detection: Level '/Game/TopDownBP/Maps/TopDownExampleMap.TopDownExampleMap:PersistentLevel' has LevelScriptBlueprint '/Game/TopDownBP/Maps/TopDownExampleMap.TopDownExampleMap:PersistentLevel.TopDownExampleMap' with GeneratedClass '/Game/TopDownBP/Maps/TopDownExampleMap.TopDownExampleMap_C' with ClassGeneratedBy '/Game/TopDownBP/Maps/TopDownExampleMap.TopDownExampleMap:PersistentLevel.TopDownExampleMap'
[2019.11.29-14.10.19:731][748]LogPlayLevel: PlayLevel: No blueprints needed recompiling
[2019.11.29-14.10.19:731][748]PIE: New page: PIE session: TopDownExampleMap (2019-11-29 04:10:19)
[2019.11.29-14.10.19:733][748]LogOnline: OSS: Creating online subsystem instance for: NULL
[2019.11.29-14.10.19:735][748]LogPlayLevel: Creating play world package: /Game/TopDownBP/Maps/UEDPIE_0_TopDownExampleMap
[2019.11.29-14.10.19:752][748]LogPlayLevel: PIE: StaticDuplicateObject took: (0.016577s)
[2019.11.29-14.10.19:754][748]LogAIModule: Creating AISystem for world TopDownExampleMap
[2019.11.29-14.10.19:754][748]LogPlayLevel: PIE: World Init took: (0.002198s)
[2019.11.29-14.10.19:754][748]LogPlayLevel: PIE: Created PIE world by copying editor world from /Game/TopDownBP/Maps/TopDownExampleMap.TopDownExampleMap to /Game/TopDownBP/Maps/UEDPIE_0_TopDownExampleMap.TopDownExampleMap (0.019303s)
[2019.11.29-14.10.19:804][748]LogUObjectHash: Compacting FUObjectHashTables data took   3.63ms
[2019.11.29-14.10.19:810][748]LogInit: XAudio2 using 'Speakers (Realtek High Definition Audio)' : 2 channels at 48 kHz using 32 bits per sample (channel mask 0x3)
[2019.11.29-14.10.19:861][748]LogInit: FAudioDevice initialized.
[2019.11.29-14.10.19:871][748]LogLoad: Game class is 'TopDownGameMode_C'
[2019.11.29-14.10.19:875][748]LogWorld: Bringing World /Game/TopDownBP/Maps/UEDPIE_0_TopDownExampleMap.TopDownExampleMap up for play (max tick rate 60) at 2019.11.29-09.10.19
[2019.11.29-14.10.19:876][748]LogWorld: Bringing up level for play took: 0.002650
[2019.11.29-14.10.19:876][748]LogOnline: OSS: Creating online subsystem instance for: :Context_4
[2019.11.29-14.10.19:920][748]LogContentBrowser: Native class hierarchy updated for 'MovieSceneCapture' in 0.0006 seconds. Added 20 classes and 0 folders.
[2019.11.29-14.10.19:924][748]PIE: Play in editor start time for /Game/TopDownBP/Maps/UEDPIE_0_TopDownExampleMap 1,029
[2019.11.29-14.10.19:924][748]LogBlueprintUserMessages: Late PlayInEditor Detection: Level '/Game/TopDownBP/Maps/TopDownExampleMap.TopDownExampleMap:PersistentLevel' has LevelScriptBlueprint '/Game/TopDownBP/Maps/TopDownExampleMap.TopDownExampleMap:PersistentLevel.TopDownExampleMap' with GeneratedClass '/Game/TopDownBP/Maps/TopDownExampleMap.TopDownExampleMap_C' with ClassGeneratedBy '/Game/TopDownBP/Maps/TopDownExampleMap.TopDownExampleMap:PersistentLevel.TopDownExampleMap'
[2019.11.29-14.10.25:386][ 40]LogSlate: FSceneViewport::OnFocusLost() reason 0
[2019.11.29-14.10.57:154][905]LogSlate: FSceneViewport::OnFocusLost() reason 0
[2019.11.29-14.11.00:320][ 83]LogBlueprintUserMessages: Early EndPlayMap Detection: Level '/Game/TopDownBP/Maps/TopDownExampleMap.TopDownExampleMap:PersistentLevel' has LevelScriptBlueprint '/Game/TopDownBP/Maps/TopDownExampleMap.TopDownExampleMap:PersistentLevel.TopDownExampleMap' with GeneratedClass '/Game/TopDownBP/Maps/TopDownExampleMap.TopDownExampleMap_C' with ClassGeneratedBy '/Game/TopDownBP/Maps/TopDownExampleMap.TopDownExampleMap:PersistentLevel.TopDownExampleMap'
[2019.11.29-14.11.00:320][ 83]LogSlate: Updating window title bar state: overlay mode, drag disabled, window buttons hidden, title bar hidden
[2019.11.29-14.11.00:320][ 83]LogWorld: BeginTearingDown for /Game/TopDownBP/Maps/UEDPIE_0_TopDownExampleMap
[2019.11.29-14.11.00:322][ 83]LogWorld: UWorld::CleanupWorld for TopDownExampleMap, bSessionEnded=true, bCleanupResources=true
[2019.11.29-14.11.00:330][ 83]LogPlayLevel: Display: Shutting down PIE online subsystems
[2019.11.29-14.11.00:330][ 83]LogBlueprintUserMessages: Late EndPlayMap Detection: Level '/Game/TopDownBP/Maps/TopDownExampleMap.TopDownExampleMap:PersistentLevel' has LevelScriptBlueprint '/Game/TopDownBP/Maps/TopDownExampleMap.TopDownExampleMap:PersistentLevel.TopDownExampleMap' with GeneratedClass '/Game/TopDownBP/Maps/TopDownExampleMap.TopDownExampleMap_C' with ClassGeneratedBy '/Game/TopDownBP/Maps/TopDownExampleMap.TopDownExampleMap:PersistentLevel.TopDownExampleMap'
[2019.11.29-14.11.00:389][ 83]LogSlate: Updating window title bar state: overlay mode, drag disabled, window buttons hidden, title bar hidden
[2019.11.29-14.11.00:443][ 83]LogUObjectHash: Compacting FUObjectHashTables data took   8.24ms
[2019.11.29-14.11.00:470][ 84]LogPlayLevel: Display: Destroying online subsystem :Context_4
[2019.11.29-14.11.33:818][240]LogSlate: FSceneViewport::OnFocusLost() reason 0
[2019.11.29-14.11.43:037][762]LogSlate: Prevented a slow task dialog from being summoned while a context menu was open
[2019.11.29-14.11.49:128][110]LogAssetEditorManager: Opening Asset editor for Blueprint /Game/Blueprints/CelluleBlueprint.CelluleBlueprint
[2019.11.29-14.11.53:946][357]LogWorld: UWorld::CleanupWorld for World_3, bSessionEnded=true, bCleanupResources=true
[2019.11.29-14.11.54:058][357]LogAssetEditorManager: Opening Asset editor for Blueprint /Game/Blueprints/CelluleBlueprint.CelluleBlueprint
[2019.11.29-14.11.56:066][437]LogRenderer: Reallocating scene render targets to support 1240x712 Format 10 NumSamples 1 (Frame:1).
[2019.11.29-14.12.03:386][806]LogSlate: FSceneViewport::OnFocusLost() reason 2
[2019.11.29-14.12.08:934][104]LogSlate: FSceneViewport::OnFocusLost() reason 0
[2019.11.29-14.12.09:051][110]BlueprintLog: New page: Compile CelluleBlueprint
[2019.11.29-14.12.09:382][110]LogUObjectHash: Compacting FUObjectHashTables data took   5.96ms
[2019.11.29-14.12.13:980][337]LogTemp: Repeating last play command: Selected Viewport
[2019.11.29-14.12.14:010][337]LogBlueprintUserMessages: Early PlayInEditor Detection: Level '/Game/TopDownBP/Maps/TopDownExampleMap.TopDownExampleMap:PersistentLevel' has LevelScriptBlueprint '/Game/TopDownBP/Maps/TopDownExampleMap.TopDownExampleMap:PersistentLevel.TopDownExampleMap' with GeneratedClass '/Game/TopDownBP/Maps/TopDownExampleMap.TopDownExampleMap_C' with ClassGeneratedBy '/Game/TopDownBP/Maps/TopDownExampleMap.TopDownExampleMap:PersistentLevel.TopDownExampleMap'
[2019.11.29-14.12.14:010][337]LogPlayLevel: PlayLevel: No blueprints needed recompiling
[2019.11.29-14.12.14:011][337]PIE: New page: PIE session: TopDownExampleMap (2019-11-29 04:12:14)
[2019.11.29-14.12.14:011][337]LogPlayLevel: Creating play world package: /Game/TopDownBP/Maps/UEDPIE_0_TopDownExampleMap
[2019.11.29-14.12.14:028][337]LogPlayLevel: PIE: StaticDuplicateObject took: (0.016993s)
[2019.11.29-14.12.14:029][337]LogAIModule: Creating AISystem for world TopDownExampleMap
[2019.11.29-14.12.14:030][337]LogPlayLevel: PIE: World Init took: (0.001734s)
[2019.11.29-14.12.14:030][337]LogPlayLevel: PIE: Created PIE world by copying editor world from /Game/TopDownBP/Maps/TopDownExampleMap.TopDownExampleMap to /Game/TopDownBP/Maps/UEDPIE_0_TopDownExampleMap.TopDownExampleMap (0.019026s)
[2019.11.29-14.12.14:077][337]LogUObjectHash: Compacting FUObjectHashTables data took   4.44ms
[2019.11.29-14.12.14:082][337]LogInit: XAudio2 using 'Speakers (Realtek High Definition Audio)' : 2 channels at 48 kHz using 32 bits per sample (channel mask 0x3)
[2019.11.29-14.12.14:128][337]LogInit: FAudioDevice initialized.
[2019.11.29-14.12.14:144][337]LogLoad: Game class is 'TopDownGameMode_C'
[2019.11.29-14.12.14:148][337]LogWorld: Bringing World /Game/TopDownBP/Maps/UEDPIE_0_TopDownExampleMap.TopDownExampleMap up for play (max tick rate 60) at 2019.11.29-09.12.14
[2019.11.29-14.12.14:148][337]LogWorld: Bringing up level for play took: 0.002867
[2019.11.29-14.12.14:148][337]LogOnline: OSS: Creating online subsystem instance for: :Context_10
[2019.11.29-14.12.14:166][337]PIE: Play in editor start time for /Game/TopDownBP/Maps/UEDPIE_0_TopDownExampleMap -0,729
[2019.11.29-14.12.14:166][337]LogBlueprintUserMessages: Late PlayInEditor Detection: Level '/Game/TopDownBP/Maps/TopDownExampleMap.TopDownExampleMap:PersistentLevel' has LevelScriptBlueprint '/Game/TopDownBP/Maps/TopDownExampleMap.TopDownExampleMap:PersistentLevel.TopDownExampleMap' with GeneratedClass '/Game/TopDownBP/Maps/TopDownExampleMap.TopDownExampleMap_C' with ClassGeneratedBy '/Game/TopDownBP/Maps/TopDownExampleMap.TopDownExampleMap:PersistentLevel.TopDownExampleMap'
[2019.11.29-14.12.23:036][837]LogSlate: FSceneViewport::OnFocusLost() reason 0
[2019.11.29-14.12.23:150][843]LogBlueprintUserMessages: Early EndPlayMap Detection: Level '/Game/TopDownBP/Maps/TopDownExampleMap.TopDownExampleMap:PersistentLevel' has LevelScriptBlueprint '/Game/TopDownBP/Maps/TopDownExampleMap.TopDownExampleMap:PersistentLevel.TopDownExampleMap' with GeneratedClass '/Game/TopDownBP/Maps/TopDownExampleMap.TopDownExampleMap_C' with ClassGeneratedBy '/Game/TopDownBP/Maps/TopDownExampleMap.TopDownExampleMap:PersistentLevel.TopDownExampleMap'
[2019.11.29-14.12.23:150][843]LogSlate: Updating window title bar state: overlay mode, drag disabled, window buttons hidden, title bar hidden
[2019.11.29-14.12.23:150][843]LogWorld: BeginTearingDown for /Game/TopDownBP/Maps/UEDPIE_0_TopDownExampleMap
[2019.11.29-14.12.23:151][843]LogWorld: UWorld::CleanupWorld for TopDownExampleMap, bSessionEnded=true, bCleanupResources=true
[2019.11.29-14.12.23:168][843]LogPlayLevel: Display: Shutting down PIE online subsystems
[2019.11.29-14.12.23:168][843]LogBlueprintUserMessages: Late EndPlayMap Detection: Level '/Game/TopDownBP/Maps/TopDownExampleMap.TopDownExampleMap:PersistentLevel' has LevelScriptBlueprint '/Game/TopDownBP/Maps/TopDownExampleMap.TopDownExampleMap:PersistentLevel.TopDownExampleMap' with GeneratedClass '/Game/TopDownBP/Maps/TopDownExampleMap.TopDownExampleMap_C' with ClassGeneratedBy '/Game/TopDownBP/Maps/TopDownExampleMap.TopDownExampleMap:PersistentLevel.TopDownExampleMap'
[2019.11.29-14.12.23:218][843]LogSlate: Updating window title bar state: overlay mode, drag disabled, window buttons hidden, title bar hidden
[2019.11.29-14.12.23:223][843]LogUObjectHash: Compacting FUObjectHashTables data took   3.46ms
[2019.11.29-14.12.23:258][845]LogPlayLevel: Display: Destroying online subsystem :Context_10
[2019.11.29-14.12.26:263][  5]LogTemp: Repeating last play command: Selected Viewport
[2019.11.29-14.12.26:294][  5]LogBlueprintUserMessages: Early PlayInEditor Detection: Level '/Game/TopDownBP/Maps/TopDownExampleMap.TopDownExampleMap:PersistentLevel' has LevelScriptBlueprint '/Game/TopDownBP/Maps/TopDownExampleMap.TopDownExampleMap:PersistentLevel.TopDownExampleMap' with GeneratedClass '/Game/TopDownBP/Maps/TopDownExampleMap.TopDownExampleMap_C' with ClassGeneratedBy '/Game/TopDownBP/Maps/TopDownExampleMap.TopDownExampleMap:PersistentLevel.TopDownExampleMap'
[2019.11.29-14.12.26:294][  5]LogPlayLevel: PlayLevel: No blueprints needed recompiling
[2019.11.29-14.12.26:294][  5]PIE: New page: PIE session: TopDownExampleMap (2019-11-29 04:12:26)
[2019.11.29-14.12.26:294][  5]LogPlayLevel: Creating play world package: /Game/TopDownBP/Maps/UEDPIE_0_TopDownExampleMap
[2019.11.29-14.12.26:314][  5]LogPlayLevel: PIE: StaticDuplicateObject took: (0.019840s)
[2019.11.29-14.12.26:315][  5]LogAIModule: Creating AISystem for world TopDownExampleMap
[2019.11.29-14.12.26:316][  5]LogPlayLevel: PIE: World Init took: (0.001851s)
[2019.11.29-14.12.26:316][  5]LogPlayLevel: PIE: Created PIE world by copying editor world from /Game/TopDownBP/Maps/TopDownExampleMap.TopDownExampleMap to /Game/TopDownBP/Maps/UEDPIE_0_TopDownExampleMap.TopDownExampleMap (0.022072s)
[2019.11.29-14.12.26:370][  5]LogUObjectHash: Compacting FUObjectHashTables data took   3.45ms
[2019.11.29-14.12.26:375][  5]LogInit: XAudio2 using 'Speakers (Realtek High Definition Audio)' : 2 channels at 48 kHz using 32 bits per sample (channel mask 0x3)
[2019.11.29-14.12.26:425][  5]LogInit: FAudioDevice initialized.
[2019.11.29-14.12.26:434][  5]LogLoad: Game class is 'TopDownGameMode_C'
[2019.11.29-14.12.26:436][  5]LogWorld: Bringing World /Game/TopDownBP/Maps/UEDPIE_0_TopDownExampleMap.TopDownExampleMap up for play (max tick rate 60) at 2019.11.29-09.12.26
[2019.11.29-14.12.26:437][  5]LogWorld: Bringing up level for play took: 0.002163
[2019.11.29-14.12.26:437][  5]LogOnline: OSS: Creating online subsystem instance for: :Context_11
[2019.11.29-14.12.26:457][  5]PIE: Play in editor start time for /Game/TopDownBP/Maps/UEDPIE_0_TopDownExampleMap -0,438
[2019.11.29-14.12.26:457][  5]LogBlueprintUserMessages: Late PlayInEditor Detection: Level '/Game/TopDownBP/Maps/TopDownExampleMap.TopDownExampleMap:PersistentLevel' has LevelScriptBlueprint '/Game/TopDownBP/Maps/TopDownExampleMap.TopDownExampleMap:PersistentLevel.TopDownExampleMap' with GeneratedClass '/Game/TopDownBP/Maps/TopDownExampleMap.TopDownExampleMap_C' with ClassGeneratedBy '/Game/TopDownBP/Maps/TopDownExampleMap.TopDownExampleMap:PersistentLevel.TopDownExampleMap'
[2019.11.29-14.12.31:754][309]LogBlueprintUserMessages: Early EndPlayMap Detection: Level '/Game/TopDownBP/Maps/TopDownExampleMap.TopDownExampleMap:PersistentLevel' has LevelScriptBlueprint '/Game/TopDownBP/Maps/TopDownExampleMap.TopDownExampleMap:PersistentLevel.TopDownExampleMap' with GeneratedClass '/Game/TopDownBP/Maps/TopDownExampleMap.TopDownExampleMap_C' with ClassGeneratedBy '/Game/TopDownBP/Maps/TopDownExampleMap.TopDownExampleMap:PersistentLevel.TopDownExampleMap'
[2019.11.29-14.12.31:754][309]LogSlate: Updating window title bar state: overlay mode, drag disabled, window buttons hidden, title bar hidden
[2019.11.29-14.12.31:754][309]LogWorld: BeginTearingDown for /Game/TopDownBP/Maps/UEDPIE_0_TopDownExampleMap
[2019.11.29-14.12.31:754][309]LogWorld: UWorld::CleanupWorld for TopDownExampleMap, bSessionEnded=true, bCleanupResources=true
[2019.11.29-14.12.31:762][309]LogPlayLevel: Display: Shutting down PIE online subsystems
[2019.11.29-14.12.31:763][309]LogBlueprintUserMessages: Late EndPlayMap Detection: Level '/Game/TopDownBP/Maps/TopDownExampleMap.TopDownExampleMap:PersistentLevel' has LevelScriptBlueprint '/Game/TopDownBP/Maps/TopDownExampleMap.TopDownExampleMap:PersistentLevel.TopDownExampleMap' with GeneratedClass '/Game/TopDownBP/Maps/TopDownExampleMap.TopDownExampleMap_C' with ClassGeneratedBy '/Game/TopDownBP/Maps/TopDownExampleMap.TopDownExampleMap:PersistentLevel.TopDownExampleMap'
[2019.11.29-14.12.31:810][309]LogSlate: Updating window title bar state: overlay mode, drag disabled, window buttons hidden, title bar hidden
[2019.11.29-14.12.31:815][309]LogUObjectHash: Compacting FUObjectHashTables data took   3.15ms
[2019.11.29-14.12.31:946][311]LogPlayLevel: Display: Destroying online subsystem :Context_11
[2019.11.29-14.12.32:793][360]Cmd: SELECT NONE
[2019.11.29-14.12.40:441][783]LogSlate: FSceneViewport::OnFocusLost() reason 5
[2019.11.29-14.12.40:506][783]LogUObjectHash: Compacting FUObjectHashTables data took   1.13ms
[2019.11.29-14.12.40:790][783]LogSavePackage: Moving '../../../../../UEproject/projet-objets-partagee-2019-Thorekt/Saved/TopDownExampleMapD97E246C43A583CAD8F7BEA56504F3D1.tmp' to '../../../../../UEproject/projet-objets-partagee-2019-Thorekt/Content/TopDownBP/Maps/TopDownExampleMap.umap'
[2019.11.29-14.12.41:011][783]LogSavePackage: Moving '../../../../../UEproject/projet-objets-partagee-2019-Thorekt/Saved/TopDownExampleMap_BuiltData83454DF84A70335C250C4CAF14D44B6C.tmp' to '../../../../../UEproject/projet-objets-partagee-2019-Thorekt/Content/TopDownBP/Maps/TopDownExampleMap_BuiltData.uasset'
[2019.11.29-14.12.43:459][908]LogAssetEditorManager: Opening Asset editor for Blueprint /Game/Blueprints/LabyrintheBlueprint.LabyrintheBlueprint
[2019.11.29-14.13.06:003][166]LogSlate: FSceneViewport::OnFocusLost() reason 5
[2019.11.29-14.13.06:091][166]Cmd: OBJ SAVEPACKAGE PACKAGE="/Game/Blueprints/CelluleBlueprint" FILE="../../../../../UEproject/projet-objets-partagee-2019-Thorekt/Content/Blueprints/CelluleBlueprint.uasset" SILENT=true
[2019.11.29-14.13.06:122][166]LogSavePackage: Moving '../../../../../UEproject/projet-objets-partagee-2019-Thorekt/Saved/CelluleBlueprint546B39054D05E21255F33FBFFDA4B5A6.tmp' to '../../../../../UEproject/projet-objets-partagee-2019-Thorekt/Content/Blueprints/CelluleBlueprint.uasset'
[2019.11.29-14.14.13:045][543]LogEditorViewport: Clicking on Actor (LMB): LabyrintheBlueprint_C (LabyrintheBlueprint)
[2019.11.29-14.14.34:129][738]LogSlate: FSceneViewport::OnFocusLost() reason 2
[2019.11.29-14.14.35:254][792]LogTemp: Repeating last play command: Selected Viewport
[2019.11.29-14.14.35:277][792]LogBlueprintUserMessages: Early PlayInEditor Detection: Level '/Game/TopDownBP/Maps/TopDownExampleMap.TopDownExampleMap:PersistentLevel' has LevelScriptBlueprint '/Game/TopDownBP/Maps/TopDownExampleMap.TopDownExampleMap:PersistentLevel.TopDownExampleMap' with GeneratedClass '/Game/TopDownBP/Maps/TopDownExampleMap.TopDownExampleMap_C' with ClassGeneratedBy '/Game/TopDownBP/Maps/TopDownExampleMap.TopDownExampleMap:PersistentLevel.TopDownExampleMap'
[2019.11.29-14.14.35:277][792]LogPlayLevel: PlayLevel: No blueprints needed recompiling
[2019.11.29-14.14.35:277][792]PIE: New page: PIE session: TopDownExampleMap (2019-11-29 04:14:35)
[2019.11.29-14.14.35:278][792]LogPlayLevel: Creating play world package: /Game/TopDownBP/Maps/UEDPIE_0_TopDownExampleMap
[2019.11.29-14.14.35:291][792]LogPlayLevel: PIE: StaticDuplicateObject took: (0.014475s)
[2019.11.29-14.14.35:293][792]LogAIModule: Creating AISystem for world TopDownExampleMap
[2019.11.29-14.14.35:294][792]LogPlayLevel: PIE: World Init took: (0.002168s)
[2019.11.29-14.14.35:294][792]LogPlayLevel: PIE: Created PIE world by copying editor world from /Game/TopDownBP/Maps/TopDownExampleMap.TopDownExampleMap to /Game/TopDownBP/Maps/UEDPIE_0_TopDownExampleMap.TopDownExampleMap (0.016934s)
[2019.11.29-14.14.35:348][792]LogUObjectHash: Compacting FUObjectHashTables data took  10.46ms
[2019.11.29-14.14.35:352][792]LogInit: XAudio2 using 'Speakers (Realtek High Definition Audio)' : 2 channels at 48 kHz using 32 bits per sample (channel mask 0x3)
[2019.11.29-14.14.35:406][792]LogInit: FAudioDevice initialized.
[2019.11.29-14.14.35:407][792]LogSlate: FSceneViewport::OnFocusLost() reason 2
[2019.11.29-14.14.35:415][792]LogLoad: Game class is 'TopDownGameMode_C'
[2019.11.29-14.14.35:417][792]LogWorld: Bringing World /Game/TopDownBP/Maps/UEDPIE_0_TopDownExampleMap.TopDownExampleMap up for play (max tick rate 60) at 2019.11.29-09.14.35
[2019.11.29-14.14.35:418][792]LogWorld: Bringing up level for play took: 0.002213
[2019.11.29-14.14.35:418][792]LogOnline: OSS: Creating online subsystem instance for: :Context_13
[2019.11.29-14.14.35:442][792]PIE: Play in editor start time for /Game/TopDownBP/Maps/UEDPIE_0_TopDownExampleMap 0,547
[2019.11.29-14.14.35:442][792]LogBlueprintUserMessages: Late PlayInEditor Detection: Level '/Game/TopDownBP/Maps/TopDownExampleMap.TopDownExampleMap:PersistentLevel' has LevelScriptBlueprint '/Game/TopDownBP/Maps/TopDownExampleMap.TopDownExampleMap:PersistentLevel.TopDownExampleMap' with GeneratedClass '/Game/TopDownBP/Maps/TopDownExampleMap.TopDownExampleMap_C' with ClassGeneratedBy '/Game/TopDownBP/Maps/TopDownExampleMap.TopDownExampleMap:PersistentLevel.TopDownExampleMap'
[2019.11.29-14.14.51:451][715]LogBlueprintUserMessages: Early EndPlayMap Detection: Level '/Game/TopDownBP/Maps/TopDownExampleMap.TopDownExampleMap:PersistentLevel' has LevelScriptBlueprint '/Game/TopDownBP/Maps/TopDownExampleMap.TopDownExampleMap:PersistentLevel.TopDownExampleMap' with GeneratedClass '/Game/TopDownBP/Maps/TopDownExampleMap.TopDownExampleMap_C' with ClassGeneratedBy '/Game/TopDownBP/Maps/TopDownExampleMap.TopDownExampleMap:PersistentLevel.TopDownExampleMap'
[2019.11.29-14.14.51:452][715]LogSlate: Updating window title bar state: overlay mode, drag disabled, window buttons hidden, title bar hidden
[2019.11.29-14.14.51:452][715]LogWorld: BeginTearingDown for /Game/TopDownBP/Maps/UEDPIE_0_TopDownExampleMap
[2019.11.29-14.14.51:453][715]LogWorld: UWorld::CleanupWorld for TopDownExampleMap, bSessionEnded=true, bCleanupResources=true
[2019.11.29-14.14.51:466][715]LogPlayLevel: Display: Shutting down PIE online subsystems
[2019.11.29-14.14.51:467][715]LogBlueprintUserMessages: Late EndPlayMap Detection: Level '/Game/TopDownBP/Maps/TopDownExampleMap.TopDownExampleMap:PersistentLevel' has LevelScriptBlueprint '/Game/TopDownBP/Maps/TopDownExampleMap.TopDownExampleMap:PersistentLevel.TopDownExampleMap' with GeneratedClass '/Game/TopDownBP/Maps/TopDownExampleMap.TopDownExampleMap_C' with ClassGeneratedBy '/Game/TopDownBP/Maps/TopDownExampleMap.TopDownExampleMap:PersistentLevel.TopDownExampleMap'
[2019.11.29-14.14.51:522][715]LogSlate: Updating window title bar state: overlay mode, drag disabled, window buttons hidden, title bar hidden
[2019.11.29-14.14.51:528][715]LogUObjectHash: Compacting FUObjectHashTables data took   3.97ms
[2019.11.29-14.14.51:557][716]LogPlayLevel: Display: Destroying online subsystem :Context_13
[2019.11.29-14.14.57:272][ 14]LogSlate: FSceneViewport::OnFocusLost() reason 0
[2019.11.29-14.15.38:133][261]LogTemp: Repeating last play command: Selected Viewport
[2019.11.29-14.15.38:161][261]LogBlueprintUserMessages: Early PlayInEditor Detection: Level '/Game/TopDownBP/Maps/TopDownExampleMap.TopDownExampleMap:PersistentLevel' has LevelScriptBlueprint '/Game/TopDownBP/Maps/TopDownExampleMap.TopDownExampleMap:PersistentLevel.TopDownExampleMap' with GeneratedClass '/Game/TopDownBP/Maps/TopDownExampleMap.TopDownExampleMap_C' with ClassGeneratedBy '/Game/TopDownBP/Maps/TopDownExampleMap.TopDownExampleMap:PersistentLevel.TopDownExampleMap'
[2019.11.29-14.15.38:161][261]LogPlayLevel: PlayLevel: No blueprints needed recompiling
[2019.11.29-14.15.38:161][261]PIE: New page: PIE session: TopDownExampleMap (2019-11-29 04:15:38)
[2019.11.29-14.15.38:161][261]LogPlayLevel: Creating play world package: /Game/TopDownBP/Maps/UEDPIE_0_TopDownExampleMap
[2019.11.29-14.15.38:176][261]LogPlayLevel: PIE: StaticDuplicateObject took: (0.014492s)
[2019.11.29-14.15.38:178][261]LogAIModule: Creating AISystem for world TopDownExampleMap
[2019.11.29-14.15.38:179][261]LogPlayLevel: PIE: World Init took: (0.002469s)
[2019.11.29-14.15.38:179][261]LogPlayLevel: PIE: Created PIE world by copying editor world from /Game/TopDownBP/Maps/TopDownExampleMap.TopDownExampleMap to /Game/TopDownBP/Maps/UEDPIE_0_TopDownExampleMap.TopDownExampleMap (0.017324s)
[2019.11.29-14.15.38:230][261]LogUObjectHash: Compacting FUObjectHashTables data took   4.53ms
[2019.11.29-14.15.38:238][261]LogInit: XAudio2 using 'Speakers (Realtek High Definition Audio)' : 2 channels at 48 kHz using 32 bits per sample (channel mask 0x3)
[2019.11.29-14.15.38:290][261]LogInit: FAudioDevice initialized.
[2019.11.29-14.15.38:299][261]LogLoad: Game class is 'TopDownGameMode_C'
[2019.11.29-14.15.38:301][261]LogWorld: Bringing World /Game/TopDownBP/Maps/UEDPIE_0_TopDownExampleMap.TopDownExampleMap up for play (max tick rate 60) at 2019.11.29-09.15.38
[2019.11.29-14.15.38:301][261]LogWorld: Bringing up level for play took: 0.002295
[2019.11.29-14.15.38:301][261]LogOnline: OSS: Creating online subsystem instance for: :Context_14
[2019.11.29-14.15.38:304][261]LogSpawn: Warning: SpawnActor failed because no class was specified
[2019.11.29-14.15.38:304][261]LogSpawn: Warning: SpawnActor failed because no class was specified
[2019.11.29-14.15.38:304][261]LogSpawn: Warning: SpawnActor failed because no class was specified
[2019.11.29-14.15.38:304][261]LogSpawn: Warning: SpawnActor failed because no class was specified
[2019.11.29-14.15.38:304][261]LogSpawn: Warning: SpawnActor failed because no class was specified
[2019.11.29-14.15.38:304][261]LogSpawn: Warning: SpawnActor failed because no class was specified
[2019.11.29-14.15.38:304][261]LogSpawn: Warning: SpawnActor failed because no class was specified
[2019.11.29-14.15.38:304][261]LogSpawn: Warning: SpawnActor failed because no class was specified
[2019.11.29-14.15.38:304][261]LogSpawn: Warning: SpawnActor failed because no class was specified
[2019.11.29-14.15.38:304][261]LogSpawn: Warning: SpawnActor failed because no class was specified
[2019.11.29-14.15.38:304][261]LogSpawn: Warning: SpawnActor failed because no class was specified
[2019.11.29-14.15.38:304][261]LogSpawn: Warning: SpawnActor failed because no class was specified
[2019.11.29-14.15.38:304][261]LogSpawn: Warning: SpawnActor failed because no class was specified
[2019.11.29-14.15.38:304][261]LogSpawn: Warning: SpawnActor failed because no class was specified
[2019.11.29-14.15.38:304][261]LogSpawn: Warning: SpawnActor failed because no class was specified
[2019.11.29-14.15.38:304][261]LogSpawn: Warning: SpawnActor failed because no class was specified
[2019.11.29-14.15.38:304][261]LogSpawn: Warning: SpawnActor failed because no class was specified
[2019.11.29-14.15.38:304][261]LogSpawn: Warning: SpawnActor failed because no class was specified
[2019.11.29-14.15.38:304][261]LogSpawn: Warning: SpawnActor failed because no class was specified
[2019.11.29-14.15.38:304][261]LogSpawn: Warning: SpawnActor failed because no class was specified
[2019.11.29-14.15.38:304][261]LogSpawn: Warning: SpawnActor failed because no class was specified
[2019.11.29-14.15.38:304][261]LogSpawn: Warning: SpawnActor failed because no class was specified
[2019.11.29-14.15.38:304][261]LogSpawn: Warning: SpawnActor failed because no class was specified
[2019.11.29-14.15.38:304][261]LogSpawn: Warning: SpawnActor failed because no class was specified
[2019.11.29-14.15.38:304][261]LogSpawn: Warning: SpawnActor failed because no class was specified
[2019.11.29-14.15.38:304][261]LogSpawn: Warning: SpawnActor failed because no class was specified
[2019.11.29-14.15.38:304][261]LogSpawn: Warning: SpawnActor failed because no class was specified
[2019.11.29-14.15.38:304][261]LogSpawn: Warning: SpawnActor failed because no class was specified
[2019.11.29-14.15.38:304][261]LogSpawn: Warning: SpawnActor failed because no class was specified
[2019.11.29-14.15.38:304][261]LogSpawn: Warning: SpawnActor failed because no class was specified
[2019.11.29-14.15.38:304][261]LogSpawn: Warning: SpawnActor failed because no class was specified
[2019.11.29-14.15.38:304][261]LogSpawn: Warning: SpawnActor failed because no class was specified
[2019.11.29-14.15.38:304][261]LogSpawn: Warning: SpawnActor failed because no class was specified
[2019.11.29-14.15.38:304][261]LogSpawn: Warning: SpawnActor failed because no class was specified
[2019.11.29-14.15.38:304][261]LogSpawn: Warning: SpawnActor failed because no class was specified
[2019.11.29-14.15.38:304][261]LogSpawn: Warning: SpawnActor failed because no class was specified
[2019.11.29-14.15.38:304][261]LogSpawn: Warning: SpawnActor failed because no class was specified
[2019.11.29-14.15.38:304][261]LogSpawn: Warning: SpawnActor failed because no class was specified
[2019.11.29-14.15.38:304][261]LogSpawn: Warning: SpawnActor failed because no class was specified
[2019.11.29-14.15.38:304][261]LogSpawn: Warning: SpawnActor failed because no class was specified
[2019.11.29-14.15.38:304][261]LogSpawn: Warning: SpawnActor failed because no class was specified
[2019.11.29-14.15.38:304][261]LogSpawn: Warning: SpawnActor failed because no class was specified
[2019.11.29-14.15.38:304][261]LogSpawn: Warning: SpawnActor failed because no class was specified
[2019.11.29-14.15.38:304][261]LogSpawn: Warning: SpawnActor failed because no class was specified
[2019.11.29-14.15.38:304][261]LogSpawn: Warning: SpawnActor failed because no class was specified
[2019.11.29-14.15.38:304][261]LogSpawn: Warning: SpawnActor failed because no class was specified
[2019.11.29-14.15.38:304][261]LogSpawn: Warning: SpawnActor failed because no class was specified
[2019.11.29-14.15.38:304][261]LogSpawn: Warning: SpawnActor failed because no class was specified
[2019.11.29-14.15.38:304][261]LogSpawn: Warning: SpawnActor failed because no class was specified
[2019.11.29-14.15.38:304][261]LogSpawn: Warning: SpawnActor failed because no class was specified
[2019.11.29-14.15.38:304][261]LogSpawn: Warning: SpawnActor failed because no class was specified
[2019.11.29-14.15.38:304][261]LogSpawn: Warning: SpawnActor failed because no class was specified
[2019.11.29-14.15.38:304][261]LogSpawn: Warning: SpawnActor failed because no class was specified
[2019.11.29-14.15.38:305][261]LogSpawn: Warning: SpawnActor failed because no class was specified
[2019.11.29-14.15.38:305][261]LogSpawn: Warning: SpawnActor failed because no class was specified
[2019.11.29-14.15.38:305][261]LogSpawn: Warning: SpawnActor failed because no class was specified
[2019.11.29-14.15.38:305][261]LogSpawn: Warning: SpawnActor failed because no class was specified
[2019.11.29-14.15.38:305][261]LogSpawn: Warning: SpawnActor failed because no class was specified
[2019.11.29-14.15.38:305][261]LogSpawn: Warning: SpawnActor failed because no class was specified
[2019.11.29-14.15.38:305][261]LogSpawn: Warning: SpawnActor failed because no class was specified
[2019.11.29-14.15.38:305][261]LogSpawn: Warning: SpawnActor failed because no class was specified
[2019.11.29-14.15.38:305][261]LogSpawn: Warning: SpawnActor failed because no class was specified
[2019.11.29-14.15.38:305][261]LogSpawn: Warning: SpawnActor failed because no class was specified
[2019.11.29-14.15.38:305][261]LogSpawn: Warning: SpawnActor failed because no class was specified
[2019.11.29-14.15.38:305][261]LogSpawn: Warning: SpawnActor failed because no class was specified
[2019.11.29-14.15.38:305][261]LogSpawn: Warning: SpawnActor failed because no class was specified
[2019.11.29-14.15.38:305][261]LogSpawn: Warning: SpawnActor failed because no class was specified
[2019.11.29-14.15.38:305][261]LogSpawn: Warning: SpawnActor failed because no class was specified
[2019.11.29-14.15.38:305][261]LogSpawn: Warning: SpawnActor failed because no class was specified
[2019.11.29-14.15.38:305][261]LogSpawn: Warning: SpawnActor failed because no class was specified
[2019.11.29-14.15.38:305][261]LogSpawn: Warning: SpawnActor failed because no class was specified
[2019.11.29-14.15.38:305][261]LogSpawn: Warning: SpawnActor failed because no class was specified
[2019.11.29-14.15.38:305][261]LogSpawn: Warning: SpawnActor failed because no class was specified
[2019.11.29-14.15.38:305][261]LogSpawn: Warning: SpawnActor failed because no class was specified
[2019.11.29-14.15.38:305][261]LogSpawn: Warning: SpawnActor failed because no class was specified
[2019.11.29-14.15.38:305][261]LogSpawn: Warning: SpawnActor failed because no class was specified
[2019.11.29-14.15.38:305][261]LogSpawn: Warning: SpawnActor failed because no class was specified
[2019.11.29-14.15.38:305][261]LogSpawn: Warning: SpawnActor failed because no class was specified
[2019.11.29-14.15.38:305][261]LogSpawn: Warning: SpawnActor failed because no class was specified
[2019.11.29-14.15.38:305][261]LogSpawn: Warning: SpawnActor failed because no class was specified
[2019.11.29-14.15.38:305][261]LogSpawn: Warning: SpawnActor failed because no class was specified
[2019.11.29-14.15.38:305][261]LogSpawn: Warning: SpawnActor failed because no class was specified
[2019.11.29-14.15.38:305][261]LogSpawn: Warning: SpawnActor failed because no class was specified
[2019.11.29-14.15.38:305][261]LogSpawn: Warning: SpawnActor failed because no class was specified
[2019.11.29-14.15.38:305][261]LogSpawn: Warning: SpawnActor failed because no class was specified
[2019.11.29-14.15.38:305][261]LogSpawn: Warning: SpawnActor failed because no class was specified
[2019.11.29-14.15.38:305][261]LogSpawn: Warning: SpawnActor failed because no class was specified
[2019.11.29-14.15.38:305][261]LogSpawn: Warning: SpawnActor failed because no class was specified
[2019.11.29-14.15.38:305][261]LogSpawn: Warning: SpawnActor failed because no class was specified
[2019.11.29-14.15.38:305][261]LogSpawn: Warning: SpawnActor failed because no class was specified
[2019.11.29-14.15.38:305][261]LogSpawn: Warning: SpawnActor failed because no class was specified
[2019.11.29-14.15.38:305][261]LogSpawn: Warning: SpawnActor failed because no class was specified
[2019.11.29-14.15.38:305][261]LogSpawn: Warning: SpawnActor failed because no class was specified
[2019.11.29-14.15.38:305][261]LogSpawn: Warning: SpawnActor failed because no class was specified
[2019.11.29-14.15.38:305][261]LogSpawn: Warning: SpawnActor failed because no class was specified
[2019.11.29-14.15.38:305][261]LogSpawn: Warning: SpawnActor failed because no class was specified
[2019.11.29-14.15.38:305][261]LogSpawn: Warning: SpawnActor failed because no class was specified
[2019.11.29-14.15.38:305][261]LogSpawn: Warning: SpawnActor failed because no class was specified
[2019.11.29-14.15.38:305][261]LogSpawn: Warning: SpawnActor failed because no class was specified
[2019.11.29-14.15.38:305][261]LogSpawn: Warning: SpawnActor failed because no class was specified
[2019.11.29-14.15.40:368][261]LogWindows: Error: === Critical error: ===
[2019.11.29-14.15.40:368][261]LogWindows: Error: 
[2019.11.29-14.15.40:368][261]LogWindows: Error: Fatal error!
[2019.11.29-14.15.40:368][261]LogWindows: Error: 
[2019.11.29-14.15.40:368][261]LogWindows: Error: Unhandled Exception: EXCEPTION_ACCESS_VIOLATION writing address 0x00000318
[2019.11.29-14.15.40:368][261]LogWindows: Error: 
[2019.11.29-14.15.40:368][261]LogWindows: Error: [Callstack] 0x00007ff8e1fb1fb3 UE4Editor-CursedLabyrinth-6857.dll!ACellule::setCellulesAdjacentes() [D:\UEproject\projet-objets-partagee-2019-Thorekt\Source\CursedLabyrinth\Cellule.cpp:50]
[2019.11.29-14.15.40:368][261]LogWindows: Error: [Callstack] 0x00007ff8e1fb2940 UE4Editor-CursedLabyrinth-6857.dll!ALabyrinthe::genererLabyrinthe() [D:\UEproject\projet-objets-partagee-2019-Thorekt\Source\CursedLabyrinth\Labyrinthe.cpp:71]
[2019.11.29-14.15.40:368][261]LogWindows: Error: [Callstack] 0x00007ff88ef484b8 UE4Editor-CoreUObject.dll!UnknownFunction []
[2019.11.29-14.15.40:368][261]LogWindows: Error: [Callstack] 0x00007ff88f15d50e UE4Editor-CoreUObject.dll!UnknownFunction []
[2019.11.29-14.15.40:368][261]LogWindows: Error: [Callstack] 0x00007ff88f17fdc1 UE4Editor-CoreUObject.dll!UnknownFunction []
[2019.11.29-14.15.40:368][261]LogWindows: Error: [Callstack] 0x00007ff88f181e62 UE4Editor-CoreUObject.dll!UnknownFunction []
[2019.11.29-14.15.40:368][261]LogWindows: Error: [Callstack] 0x00007ff88f15163b UE4Editor-CoreUObject.dll!UnknownFunction []
[2019.11.29-14.15.40:368][261]LogWindows: Error: [Callstack] 0x00007ff88f181b73 UE4Editor-CoreUObject.dll!UnknownFunction []
[2019.11.29-14.15.40:368][261]LogWindows: Error: [Callstack] 0x00007ff88f181e62 UE4Editor-CoreUObject.dll!UnknownFunction []
[2019.11.29-14.15.40:368][261]LogWindows: Error: [Callstack] 0x00007ff88f1817b4 UE4Editor-CoreUObject.dll!UnknownFunction []
[2019.11.29-14.15.40:368][261]LogWindows: Error: [Callstack] 0x00007ff88ef484b8 UE4Editor-CoreUObject.dll!UnknownFunction []
[2019.11.29-14.15.40:368][261]LogWindows: Error: [Callstack] 0x00007ff88f1812b7 UE4Editor-CoreUObject.dll!UnknownFunction []
[2019.11.29-14.15.40:368][261]LogWindows: Error: [Callstack] 0x00007ff8894baa33 UE4Editor-Engine.dll!UnknownFunction []
[2019.11.29-14.15.40:368][261]LogWindows: Error: [Callstack] 0x00007ff889484c38 UE4Editor-Engine.dll!UnknownFunction []
[2019.11.29-14.15.40:368][261]LogWindows: Error: [Callstack] 0x00007ff8894906b6 UE4Editor-Engine.dll!UnknownFunction []
[2019.11.29-14.15.40:368][261]LogWindows: Error: [Callstack] 0x00007ff88a6f4710 UE4Editor-Engine.dll!UnknownFunction []
[2019.11.29-14.15.40:368][261]LogWindows: Error: [Callstack] 0x00007ff889b88d81 UE4Editor-Engine.dll!UnknownFunction []
[2019.11.29-14.15.40:368][261]LogWindows: Error: [Callstack] 0x00007ff88a6a244e UE4Editor-Engine.dll!UnknownFunction []
[2019.11.29-14.15.40:368][261]LogWindows: Error: [Callstack] 0x00007ff889b4ad29 UE4Editor-Engine.dll!UnknownFunction []
[2019.11.29-14.15.40:368][261]LogWindows: Error: [Callstack] 0x00007ff8873b50b3 UE4Editor-UnrealEd.dll!UnknownFunction []
[2019.11.29-14.15.40:368][261]LogWindows: Error: [Callstack] 0x00007ff8873d4361 UE4Editor-UnrealEd.dll!UnknownFunction []
[2019.11.29-14.15.40:368][261]LogWindows: Error: [Callstack] 0x00007ff8873ee265 UE4Editor-UnrealEd.dll!UnknownFunction []
[2019.11.29-14.15.40:368][261]LogWindows: Error: [Callstack] 0x00007ff886ead9b4 UE4Editor-UnrealEd.dll!UnknownFunction []
[2019.11.29-14.15.40:368][261]LogWindows: Error: [Callstack] 0x00007ff887705296 UE4Editor-UnrealEd.dll!UnknownFunction []
[2019.11.29-14.15.40:368][261]LogWindows: Error: [Callstack] 0x00007ff777ea7b0a UE4Editor.exe!UnknownFunction []
[2019.11.29-14.15.40:368][261]LogWindows: Error: [Callstack] 0x00007ff777eba91c UE4Editor.exe!UnknownFunction []
[2019.11.29-14.15.40:368][261]LogWindows: Error: [Callstack] 0x00007ff777eba9fa UE4Editor.exe!UnknownFunction []
[2019.11.29-14.15.40:368][261]LogWindows: Error: [Callstack] 0x00007ff777ecb92c UE4Editor.exe!UnknownFunction []
[2019.11.29-14.15.40:368][261]LogWindows: Error: [Callstack] 0x00007ff777ece60e UE4Editor.exe!UnknownFunction []
[2019.11.29-14.15.40:368][261]LogWindows: Error: [Callstack] 0x00007ff8f24e7bd4 KERNEL32.DLL!UnknownFunction []
[2019.11.29-14.15.40:369][261]LogWindows: Error: [Callstack] 0x00007ff8f322ced1 ntdll.dll!UnknownFunction []
[2019.11.29-14.15.40:369][261]LogWindows: Error: 
[2019.11.29-14.15.40:384][261]LogExit: Executing StaticShutdownAfterError
[2019.11.29-14.15.40:390][261]LogWindows: FPlatformMisc::RequestExit(1)
[2019.11.29-14.15.40:434][261]Log file closed, 11/29/19 09:15:40
